#
# A fatal error has been detected by the Java Runtime Environment:
#
#  Internal Error (signature.cpp:120), pid=1613, tid=140235881285376
#  Error: ShouldNotReachHere()
#
# JRE version: OpenJDK Runtime Environment (8.0_91-b14) (build 1.8.0_91-8u91-b14-3ubuntu1~16.04.1-b14)
# Java VM: OpenJDK 64-Bit Server VM (25.91-b14 mixed mode linux-amd64 compressed oops)
# Failed to write core dump. Core dumps have been disabled. To enable core dumping, try "ulimit -c unlimited" before starting Java again
#
# If you would like to submit a bug report, please visit:
#   http://bugreport.java.com/bugreport/crash.jsp
#

---------------  T H R E A D  ---------------

Current thread (0x00007f8b2c00a000):  JavaThread "main" [_thread_in_vm, id=1618, stack(0x00007f8b35d38000,0x00007f8b35e39000)]

Stack: [0x00007f8b35d38000,0x00007f8b35e39000],  sp=0x00007f8b35e36540,  free space=1017k
Native frames: (J=compiled Java code, j=interpreted, Vv=VM code, C=native code)
V  [libjvm.so+0xa5de1b]
V  [libjvm.so+0x4c18bd]
V  [libjvm.so+0x97741c]
V  [libjvm.so+0x424d42]
V  [libjvm.so+0x42541f]
V  [libjvm.so+0x42716f]
V  [libjvm.so+0x9cd434]
V  [libjvm.so+0x6a08af]
V  [libjvm.so+0x6a1c8c]  JVM_DefineClassWithSource+0xbc
C  [libjava.so+0xec45]  Java_java_lang_ClassLoader_defineClass1+0x205
j  java.lang.ClassLoader.defineClass1(Ljava/lang/String;[BIILjava/security/ProtectionDomain;Ljava/lang/String;)Ljava/lang/Class;+0
j  java.lang.ClassLoader.defineClass(Ljava/lang/String;[BIILjava/security/ProtectionDomain;)Ljava/lang/Class;+27
j  java.lang.ClassLoader.defineClass(Ljava/lang/String;[BII)Ljava/lang/Class;+7
j  cz.upol.prf.vanusanik.pdlang.cl.PDLangClassLoader.getInvoker(Ljava/lang/String;)Ljava/lang/Class;+49
j  cz.upol.prf.vanusanik.pdlang.cl.PDLangClassLoader.getPDLangObject(Ljava/lang/String;)Ljava/lang/Class;+15
j  cz.upol.prf.vanusanik.pdlang.cl.PDLangClassLoader.findClass(Ljava/lang/String;)Ljava/lang/Class;+15
j  java.lang.ClassLoader.loadClass(Ljava/lang/String;Z)Ljava/lang/Class;+70
j  java.lang.ClassLoader.loadClass(Ljava/lang/String;)Ljava/lang/Class;+3
j  RunTest.main([Ljava/lang/String;)V+98
v  ~StubRoutines::call_stub
V  [libjvm.so+0x65effb]
V  [libjvm.so+0x680d3e]
V  [libjvm.so+0x68366f]
C  [libjli.so+0x353f]
C  [libjli.so+0x73cd]
C  [libpthread.so.0+0x76fa]  start_thread+0xca

Java frames: (J=compiled Java code, j=interpreted, Vv=VM code)
j  java.lang.ClassLoader.defineClass1(Ljava/lang/String;[BIILjava/security/ProtectionDomain;Ljava/lang/String;)Ljava/lang/Class;+0
j  java.lang.ClassLoader.defineClass(Ljava/lang/String;[BIILjava/security/ProtectionDomain;)Ljava/lang/Class;+27
j  java.lang.ClassLoader.defineClass(Ljava/lang/String;[BII)Ljava/lang/Class;+7
j  cz.upol.prf.vanusanik.pdlang.cl.PDLangClassLoader.getInvoker(Ljava/lang/String;)Ljava/lang/Class;+49
j  cz.upol.prf.vanusanik.pdlang.cl.PDLangClassLoader.getPDLangObject(Ljava/lang/String;)Ljava/lang/Class;+15
j  cz.upol.prf.vanusanik.pdlang.cl.PDLangClassLoader.findClass(Ljava/lang/String;)Ljava/lang/Class;+15
j  java.lang.ClassLoader.loadClass(Ljava/lang/String;Z)Ljava/lang/Class;+70
j  java.lang.ClassLoader.loadClass(Ljava/lang/String;)Ljava/lang/Class;+3
j  RunTest.main([Ljava/lang/String;)V+98
v  ~StubRoutines::call_stub

---------------  P R O C E S S  ---------------

Java Threads: ( => current thread )
  0x00007f8b2c0c4800 JavaThread "Service Thread" daemon [_thread_blocked, id=1635, stack(0x00007f8afcbfe000,0x00007f8afccff000)]
  0x00007f8b2c0bf800 JavaThread "C1 CompilerThread3" daemon [_thread_in_native, id=1634, stack(0x00007f8afccff000,0x00007f8afce00000)]
  0x00007f8b2c0bb000 JavaThread "C2 CompilerThread2" daemon [_thread_blocked, id=1633, stack(0x00007f8afce00000,0x00007f8afcf01000)]
  0x00007f8b2c0b9000 JavaThread "C2 CompilerThread1" daemon [_thread_blocked, id=1632, stack(0x00007f8afcf01000,0x00007f8afd002000)]
  0x00007f8b2c0b6800 JavaThread "C2 CompilerThread0" daemon [_thread_blocked, id=1631, stack(0x00007f8afd002000,0x00007f8afd103000)]
  0x00007f8b2c0b4800 JavaThread "Signal Dispatcher" daemon [_thread_blocked, id=1630, stack(0x00007f8afd103000,0x00007f8afd204000)]
  0x00007f8b2c08c000 JavaThread "Finalizer" daemon [_thread_blocked, id=1629, stack(0x00007f8afeced000,0x00007f8afedee000)]
  0x00007f8b2c087000 JavaThread "Reference Handler" daemon [_thread_blocked, id=1628, stack(0x00007f8afedee000,0x00007f8afeeef000)]
=>0x00007f8b2c00a000 JavaThread "main" [_thread_in_vm, id=1618, stack(0x00007f8b35d38000,0x00007f8b35e39000)]

Other Threads:
  0x00007f8b2c07f800 VMThread [stack: 0x00007f8afeeef000,0x00007f8afeff0000] [id=1627]
  0x00007f8b2c0c7000 WatcherThread [stack: 0x00007f8afcafd000,0x00007f8afcbfe000] [id=1636]

VM state:not at safepoint (normal execution)

VM Mutex/Monitor currently owned by a thread: None

Heap:
 PSYoungGen      total 74240K, used 3840K [0x000000076d580000, 0x0000000772800000, 0x00000007c0000000)
  eden space 64000K, 6% used [0x000000076d580000,0x000000076d940060,0x0000000771400000)
  from space 10240K, 0% used [0x0000000771e00000,0x0000000771e00000,0x0000000772800000)
  to   space 10240K, 0% used [0x0000000771400000,0x0000000771400000,0x0000000771e00000)
 ParOldGen       total 169472K, used 0K [0x00000006c8000000, 0x00000006d2580000, 0x000000076d580000)
  object space 169472K, 0% used [0x00000006c8000000,0x00000006c8000000,0x00000006d2580000)
 Metaspace       used 3282K, capacity 4862K, committed 5120K, reserved 1056768K
  class space    used 332K, capacity 426K, committed 512K, reserved 1048576K

Card table byte_map: [0x00007f8b31c46000,0x00007f8b32407000] byte_map_base: 0x00007f8b2e606000

Marking Bits: (ParMarkBitMap*) 0x00007f8b3500dfc0
 Begin Bits: [0x00007f8af0400000, 0x00007f8af4200000)
 End Bits:   [0x00007f8af4200000, 0x00007f8af8000000)

Polling page: 0x00007f8b35e5f000

CodeCache: size=245760Kb used=1277Kb max_used=1277Kb free=244482Kb
 bounds [0x00007f8b1d000000, 0x00007f8b1d270000, 0x00007f8b2c000000]
 total_blobs=338 nmethods=97 adapters=156
 compilation: enabled

Compilation events (10 events):
Event: 0,069 Thread 0x00007f8b2c0bf800 nmethod 90 0x00007f8b1d13a850 code [0x00007f8b1d13a9c0, 0x00007f8b1d13abd0]
Event: 0,070 Thread 0x00007f8b2c0bf800   92   !   3       java.util.concurrent.ConcurrentHashMap::putVal (362 bytes)
Event: 0,071 Thread 0x00007f8b2c0bf800 nmethod 92 0x00007f8b1d13c190 code [0x00007f8b1d13c460, 0x00007f8b1d13de38]
Event: 0,071 Thread 0x00007f8b2c0bf800   93       3       java.util.concurrent.ConcurrentHashMap::casTabAt (20 bytes)
Event: 0,071 Thread 0x00007f8b2c0bf800 nmethod 93 0x00007f8b1d139b90 code [0x00007f8b1d139ce0, 0x00007f8b1d139e70]
Event: 0,071 Thread 0x00007f8b2c0bf800   96       3       java.util.HashMap::getNode (148 bytes)
Event: 0,071 Thread 0x00007f8b2c0bf800 nmethod 96 0x00007f8b1d13ead0 code [0x00007f8b1d13eca0, 0x00007f8b1d13f648]
Event: 0,071 Thread 0x00007f8b2c0bf800   97       3       java.lang.ref.SoftReference::get (29 bytes)
Event: 0,071 Thread 0x00007f8b2c0bf800 nmethod 97 0x00007f8b1d1397d0 code [0x00007f8b1d139940, 0x00007f8b1d139b30]
Event: 0,071 Thread 0x00007f8b2c0bf800   94   !   3       java.util.zip.ZipFile::getEntry (86 bytes)

GC Heap History (0 events):
No events

Deoptimization events (0 events):
No events

Internal exceptions (2 events):
Event: 0,014 Thread 0x00007f8b2c00a000 Exception <a 'java/lang/NoSuchMethodError': Method sun.misc.Unsafe.defineClass(Ljava/lang/String;[BII)Ljava/lang/Class; name or signature does not match> (0x000000076d587cc0) thrown at [/build/openjdk-8-W1Ghxo/openjdk-8-8u91-b14/src/hotspot/src/share/vm/p
Event: 0,014 Thread 0x00007f8b2c00a000 Exception <a 'java/lang/NoSuchMethodError': Method sun.misc.Unsafe.prefetchRead(Ljava/lang/Object;J)V name or signature does not match> (0x000000076d587fa8) thrown at [/build/openjdk-8-W1Ghxo/openjdk-8-8u91-b14/src/hotspot/src/share/vm/prims/jni.cpp, line

Events (10 events):
Event: 0,070 loading class java/io/PrintWriter
Event: 0,070 loading class java/io/PrintWriter done
Event: 0,070 loading class ~pd~invaIi(D)
Event: 0,070 loading class ~pd~invaIi(D) done
Event: 0,071 loading class ~pd~invD
Event: 0,071 loading class ~pd~invD done
Event: 0,071 loading class ~pd~invT
Event: 0,071 loading class ~pd~invT done
Event: 0,071 loading class ~pd~invTTaBb(T)
Event: 0,071 loading class ~pd~invTTaBb(T) done


Dynamic libraries:
00400000-00401000 r-xp 00000000 08:02 2357941                            /usr/lib/jvm/java-8-openjdk-amd64/jre/bin/java
00600000-00601000 r--p 00000000 08:02 2357941                            /usr/lib/jvm/java-8-openjdk-amd64/jre/bin/java
00601000-00602000 rw-p 00001000 08:02 2357941                            /usr/lib/jvm/java-8-openjdk-amd64/jre/bin/java
010b9000-010da000 rw-p 00000000 00:00 0                                  [heap]
6c8000000-6d2580000 rw-p 00000000 00:00 0 
6d2580000-76d580000 ---p 00000000 00:00 0 
76d580000-772800000 rw-p 00000000 00:00 0 
772800000-7c0000000 ---p 00000000 00:00 0 
7c0000000-7c0080000 rw-p 00000000 00:00 0 
7c0080000-800000000 ---p 00000000 00:00 0 
7f8ac4000000-7f8ac4021000 rw-p 00000000 00:00 0 
7f8ac4021000-7f8ac8000000 ---p 00000000 00:00 0 
7f8acc000000-7f8acc14f000 rw-p 00000000 00:00 0 
7f8acc14f000-7f8ad0000000 ---p 00000000 00:00 0 
7f8ad0000000-7f8ad0021000 rw-p 00000000 00:00 0 
7f8ad0021000-7f8ad4000000 ---p 00000000 00:00 0 
7f8ad4000000-7f8ad4021000 rw-p 00000000 00:00 0 
7f8ad4021000-7f8ad8000000 ---p 00000000 00:00 0 
7f8ad8000000-7f8ad8021000 rw-p 00000000 00:00 0 
7f8ad8021000-7f8adc000000 ---p 00000000 00:00 0 
7f8adc000000-7f8adc021000 rw-p 00000000 00:00 0 
7f8adc021000-7f8ae0000000 ---p 00000000 00:00 0 
7f8ae0000000-7f8ae006e000 rw-p 00000000 00:00 0 
7f8ae006e000-7f8ae4000000 ---p 00000000 00:00 0 
7f8ae4000000-7f8ae4021000 rw-p 00000000 00:00 0 
7f8ae4021000-7f8ae8000000 ---p 00000000 00:00 0 
7f8ae8000000-7f8ae8021000 rw-p 00000000 00:00 0 
7f8ae8021000-7f8aec000000 ---p 00000000 00:00 0 
7f8aec000000-7f8aec021000 rw-p 00000000 00:00 0 
7f8aec021000-7f8af0000000 ---p 00000000 00:00 0 
7f8af0400000-7f8af8000000 rw-p 00000000 00:00 0 
7f8af8000000-7f8af8021000 rw-p 00000000 00:00 0 
7f8af8021000-7f8afc000000 ---p 00000000 00:00 0 
7f8afcafd000-7f8afcafe000 ---p 00000000 00:00 0 
7f8afcafe000-7f8afcbfe000 rw-p 00000000 00:00 0 
7f8afcbfe000-7f8afcc01000 ---p 00000000 00:00 0 
7f8afcc01000-7f8afccff000 rw-p 00000000 00:00 0 
7f8afccff000-7f8afcd02000 ---p 00000000 00:00 0 
7f8afcd02000-7f8afce00000 rw-p 00000000 00:00 0 
7f8afce00000-7f8afce03000 ---p 00000000 00:00 0 
7f8afce03000-7f8afcf01000 rw-p 00000000 00:00 0 
7f8afcf01000-7f8afcf04000 ---p 00000000 00:00 0 
7f8afcf04000-7f8afd002000 rw-p 00000000 00:00 0 
7f8afd002000-7f8afd005000 ---p 00000000 00:00 0 
7f8afd005000-7f8afd103000 rw-p 00000000 00:00 0 
7f8afd103000-7f8afd106000 ---p 00000000 00:00 0 
7f8afd106000-7f8afd204000 rw-p 00000000 00:00 0 
7f8afd204000-7f8afeced000 r--p 00000000 08:02 2227971                    /usr/lib/locale/locale-archive
7f8afeced000-7f8afecf0000 ---p 00000000 00:00 0 
7f8afecf0000-7f8afedee000 rw-p 00000000 00:00 0 
7f8afedee000-7f8afedf1000 ---p 00000000 00:00 0 
7f8afedf1000-7f8afeeef000 rw-p 00000000 00:00 0 
7f8afeeef000-7f8afeef0000 ---p 00000000 00:00 0 
7f8afeef0000-7f8b00000000 rw-p 00000000 00:00 0 
7f8b00000000-7f8b00021000 rw-p 00000000 00:00 0 
7f8b00021000-7f8b04000000 ---p 00000000 00:00 0 
7f8b04000000-7f8b04021000 rw-p 00000000 00:00 0 
7f8b04021000-7f8b08000000 ---p 00000000 00:00 0 
7f8b08000000-7f8b08021000 rw-p 00000000 00:00 0 
7f8b08021000-7f8b0c000000 ---p 00000000 00:00 0 
7f8b0c000000-7f8b0c021000 rw-p 00000000 00:00 0 
7f8b0c021000-7f8b10000000 ---p 00000000 00:00 0 
7f8b10000000-7f8b10021000 rw-p 00000000 00:00 0 
7f8b10021000-7f8b14000000 ---p 00000000 00:00 0 
7f8b14000000-7f8b14021000 rw-p 00000000 00:00 0 
7f8b14021000-7f8b18000000 ---p 00000000 00:00 0 
7f8b18000000-7f8b18021000 rw-p 00000000 00:00 0 
7f8b18021000-7f8b1c000000 ---p 00000000 00:00 0 
7f8b1c03e000-7f8b1c05a000 r--s 00393000 08:02 2358019                    /usr/lib/jvm/java-8-openjdk-amd64/jre/lib/ext/cldrdata.jar
7f8b1c05a000-7f8b1c075000 r--s 001d7000 08:02 2358017                    /usr/lib/jvm/java-8-openjdk-amd64/jre/lib/ext/nashorn.jar
7f8b1c075000-7f8b1cc80000 rw-p 00000000 00:00 0 
7f8b1cc80000-7f8b1d000000 ---p 00000000 00:00 0 
7f8b1d000000-7f8b1d270000 rwxp 00000000 00:00 0 
7f8b1d270000-7f8b2c000000 ---p 00000000 00:00 0 
7f8b2c000000-7f8b2c23d000 rw-p 00000000 00:00 0 
7f8b2c23d000-7f8b30000000 ---p 00000000 00:00 0 
7f8b30004000-7f8b30009000 r--s 00038000 08:13 40633351                   /usr2/slow/home/enerccio/.m2/repository/org/ow2/asm/asm-all/5.1/asm-all-5.1.jar
7f8b30009000-7f8b3000e000 r--s 00046000 08:13 40633378                   /usr2/slow/home/enerccio/.m2/repository/org/apache/commons/commons-lang3/3.0/commons-lang3-3.0.jar
7f8b3000e000-7f8b30014000 r--s 00044000 08:13 40894495                   /usr2/slow/home/enerccio/.m2/repository/org/antlr/antlr4-runtime/4.5.3/antlr4-runtime-4.5.3.jar
7f8b30014000-7f8b30019000 r--s 0003b000 08:02 2358023                    /usr/lib/jvm/java-8-openjdk-amd64/jre/lib/ext/sunjce_provider.jar
7f8b30019000-7f8b3050f000 rw-p 00000000 00:00 0 
7f8b3050f000-7f8b306dd000 r--s 03beb000 08:02 2358005                    /usr/lib/jvm/java-8-openjdk-amd64/jre/lib/rt.jar
7f8b306dd000-7f8b30f13000 rw-p 00000000 00:00 0 
7f8b30f13000-7f8b30f14000 ---p 00000000 00:00 0 
7f8b30f14000-7f8b31014000 rw-p 00000000 00:00 0 
7f8b31014000-7f8b31015000 ---p 00000000 00:00 0 
7f8b31015000-7f8b31115000 rw-p 00000000 00:00 0 
7f8b31115000-7f8b31116000 ---p 00000000 00:00 0 
7f8b31116000-7f8b31216000 rw-p 00000000 00:00 0 
7f8b31216000-7f8b31217000 ---p 00000000 00:00 0 
7f8b31217000-7f8b31317000 rw-p 00000000 00:00 0 
7f8b31317000-7f8b31318000 ---p 00000000 00:00 0 
7f8b31318000-7f8b31418000 rw-p 00000000 00:00 0 
7f8b31418000-7f8b31419000 ---p 00000000 00:00 0 
7f8b31419000-7f8b31519000 rw-p 00000000 00:00 0 
7f8b31519000-7f8b3151a000 ---p 00000000 00:00 0 
7f8b3151a000-7f8b3161a000 rw-p 00000000 00:00 0 
7f8b3161a000-7f8b3161b000 ---p 00000000 00:00 0 
7f8b3161b000-7f8b3176e000 rw-p 00000000 00:00 0 
7f8b3176e000-7f8b31c46000 ---p 00000000 00:00 0 
7f8b31c46000-7f8b31c99000 rw-p 00000000 00:00 0 
7f8b31c99000-7f8b32170000 ---p 00000000 00:00 0 
7f8b32170000-7f8b3219a000 rw-p 00000000 00:00 0 
7f8b3219a000-7f8b32406000 ---p 00000000 00:00 0 
7f8b32406000-7f8b32411000 rw-p 00000000 00:00 0 
7f8b32411000-7f8b327c7000 ---p 00000000 00:00 0 
7f8b327c7000-7f8b327cf000 r-xp 00000000 08:02 2357973                    /usr/lib/jvm/java-8-openjdk-amd64/jre/lib/amd64/libzip.so
7f8b327cf000-7f8b329ce000 ---p 00008000 08:02 2357973                    /usr/lib/jvm/java-8-openjdk-amd64/jre/lib/amd64/libzip.so
7f8b329ce000-7f8b329cf000 r--p 00007000 08:02 2357973                    /usr/lib/jvm/java-8-openjdk-amd64/jre/lib/amd64/libzip.so
7f8b329cf000-7f8b329d0000 rw-p 00008000 08:02 2357973                    /usr/lib/jvm/java-8-openjdk-amd64/jre/lib/amd64/libzip.so
7f8b329d0000-7f8b329db000 r-xp 00000000 08:02 1967373                    /lib/x86_64-linux-gnu/libnss_files-2.23.so
7f8b329db000-7f8b32bda000 ---p 0000b000 08:02 1967373                    /lib/x86_64-linux-gnu/libnss_files-2.23.so
7f8b32bda000-7f8b32bdb000 r--p 0000a000 08:02 1967373                    /lib/x86_64-linux-gnu/libnss_files-2.23.so
7f8b32bdb000-7f8b32bdc000 rw-p 0000b000 08:02 1967373                    /lib/x86_64-linux-gnu/libnss_files-2.23.so
7f8b32bdc000-7f8b32be2000 rw-p 00000000 00:00 0 
7f8b32be2000-7f8b32bed000 r-xp 00000000 08:02 1967383                    /lib/x86_64-linux-gnu/libnss_nis-2.23.so
7f8b32bed000-7f8b32dec000 ---p 0000b000 08:02 1967383                    /lib/x86_64-linux-gnu/libnss_nis-2.23.so
7f8b32dec000-7f8b32ded000 r--p 0000a000 08:02 1967383                    /lib/x86_64-linux-gnu/libnss_nis-2.23.so
7f8b32ded000-7f8b32dee000 rw-p 0000b000 08:02 1967383                    /lib/x86_64-linux-gnu/libnss_nis-2.23.so
7f8b32dee000-7f8b32e04000 r-xp 00000000 08:02 1967367                    /lib/x86_64-linux-gnu/libnsl-2.23.so
7f8b32e04000-7f8b33003000 ---p 00016000 08:02 1967367                    /lib/x86_64-linux-gnu/libnsl-2.23.so
7f8b33003000-7f8b33004000 r--p 00015000 08:02 1967367                    /lib/x86_64-linux-gnu/libnsl-2.23.so
7f8b33004000-7f8b33005000 rw-p 00016000 08:02 1967367                    /lib/x86_64-linux-gnu/libnsl-2.23.so
7f8b33005000-7f8b33007000 rw-p 00000000 00:00 0 
7f8b33007000-7f8b3300f000 r-xp 00000000 08:02 1967369                    /lib/x86_64-linux-gnu/libnss_compat-2.23.so
7f8b3300f000-7f8b3320e000 ---p 00008000 08:02 1967369                    /lib/x86_64-linux-gnu/libnss_compat-2.23.so
7f8b3320e000-7f8b3320f000 r--p 00007000 08:02 1967369                    /lib/x86_64-linux-gnu/libnss_compat-2.23.so
7f8b3320f000-7f8b33210000 rw-p 00008000 08:02 1967369                    /lib/x86_64-linux-gnu/libnss_compat-2.23.so
7f8b33210000-7f8b3323d000 r-xp 00000000 08:02 2357958                    /usr/lib/jvm/java-8-openjdk-amd64/jre/lib/amd64/libjava.so
7f8b3323d000-7f8b3343c000 ---p 0002d000 08:02 2357958                    /usr/lib/jvm/java-8-openjdk-amd64/jre/lib/amd64/libjava.so
7f8b3343c000-7f8b3343d000 r--p 0002c000 08:02 2357958                    /usr/lib/jvm/java-8-openjdk-amd64/jre/lib/amd64/libjava.so
7f8b3343d000-7f8b3343f000 rw-p 0002d000 08:02 2357958                    /usr/lib/jvm/java-8-openjdk-amd64/jre/lib/amd64/libjava.so
7f8b3343f000-7f8b3344e000 r-xp 00000000 08:02 2357959                    /usr/lib/jvm/java-8-openjdk-amd64/jre/lib/amd64/libverify.so
7f8b3344e000-7f8b3364d000 ---p 0000f000 08:02 2357959                    /usr/lib/jvm/java-8-openjdk-amd64/jre/lib/amd64/libverify.so
7f8b3364d000-7f8b3364f000 r--p 0000e000 08:02 2357959                    /usr/lib/jvm/java-8-openjdk-amd64/jre/lib/amd64/libverify.so
7f8b3364f000-7f8b33650000 rw-p 00010000 08:02 2357959                    /usr/lib/jvm/java-8-openjdk-amd64/jre/lib/amd64/libverify.so
7f8b33650000-7f8b33657000 r-xp 00000000 08:02 1967428                    /lib/x86_64-linux-gnu/librt-2.23.so
7f8b33657000-7f8b33856000 ---p 00007000 08:02 1967428                    /lib/x86_64-linux-gnu/librt-2.23.so
7f8b33856000-7f8b33857000 r--p 00006000 08:02 1967428                    /lib/x86_64-linux-gnu/librt-2.23.so
7f8b33857000-7f8b33858000 rw-p 00007000 08:02 1967428                    /lib/x86_64-linux-gnu/librt-2.23.so
7f8b33858000-7f8b3386e000 r-xp 00000000 08:02 1967312                    /lib/x86_64-linux-gnu/libgcc_s.so.1
7f8b3386e000-7f8b33a6d000 ---p 00016000 08:02 1967312                    /lib/x86_64-linux-gnu/libgcc_s.so.1
7f8b33a6d000-7f8b33a6e000 rw-p 00015000 08:02 1967312                    /lib/x86_64-linux-gnu/libgcc_s.so.1
7f8b33a6e000-7f8b33b76000 r-xp 00000000 08:02 1967344                    /lib/x86_64-linux-gnu/libm-2.23.so
7f8b33b76000-7f8b33d75000 ---p 00108000 08:02 1967344                    /lib/x86_64-linux-gnu/libm-2.23.so
7f8b33d75000-7f8b33d76000 r--p 00107000 08:02 1967344                    /lib/x86_64-linux-gnu/libm-2.23.so
7f8b33d76000-7f8b33d77000 rw-p 00108000 08:02 1967344                    /lib/x86_64-linux-gnu/libm-2.23.so
7f8b33d77000-7f8b33ee9000 r-xp 00000000 08:02 2231822                    /usr/lib/x86_64-linux-gnu/libstdc++.so.6.0.21
7f8b33ee9000-7f8b340e9000 ---p 00172000 08:02 2231822                    /usr/lib/x86_64-linux-gnu/libstdc++.so.6.0.21
7f8b340e9000-7f8b340f3000 r--p 00172000 08:02 2231822                    /usr/lib/x86_64-linux-gnu/libstdc++.so.6.0.21
7f8b340f3000-7f8b340f5000 rw-p 0017c000 08:02 2231822                    /usr/lib/x86_64-linux-gnu/libstdc++.so.6.0.21
7f8b340f5000-7f8b340f9000 rw-p 00000000 00:00 0 
7f8b340f9000-7f8b34d3f000 r-xp 00000000 08:02 2357971                    /usr/lib/jvm/java-8-openjdk-amd64/jre/lib/amd64/server/libjvm.so
7f8b34d3f000-7f8b34f3f000 ---p 00c46000 08:02 2357971                    /usr/lib/jvm/java-8-openjdk-amd64/jre/lib/amd64/server/libjvm.so
7f8b34f3f000-7f8b34fd2000 r--p 00c46000 08:02 2357971                    /usr/lib/jvm/java-8-openjdk-amd64/jre/lib/amd64/server/libjvm.so
7f8b34fd2000-7f8b34ffa000 rw-p 00cd9000 08:02 2357971                    /usr/lib/jvm/java-8-openjdk-amd64/jre/lib/amd64/server/libjvm.so
7f8b34ffa000-7f8b3502a000 rw-p 00000000 00:00 0 
7f8b3502a000-7f8b35042000 r-xp 00000000 08:02 1967420                    /lib/x86_64-linux-gnu/libpthread-2.23.so
7f8b35042000-7f8b35241000 ---p 00018000 08:02 1967420                    /lib/x86_64-linux-gnu/libpthread-2.23.so
7f8b35241000-7f8b35242000 r--p 00017000 08:02 1967420                    /lib/x86_64-linux-gnu/libpthread-2.23.so
7f8b35242000-7f8b35243000 rw-p 00018000 08:02 1967420                    /lib/x86_64-linux-gnu/libpthread-2.23.so
7f8b35243000-7f8b35247000 rw-p 00000000 00:00 0 
7f8b35247000-7f8b3524a000 r-xp 00000000 08:02 1967298                    /lib/x86_64-linux-gnu/libdl-2.23.so
7f8b3524a000-7f8b35449000 ---p 00003000 08:02 1967298                    /lib/x86_64-linux-gnu/libdl-2.23.so
7f8b35449000-7f8b3544a000 r--p 00002000 08:02 1967298                    /lib/x86_64-linux-gnu/libdl-2.23.so
7f8b3544a000-7f8b3544b000 rw-p 00003000 08:02 1967298                    /lib/x86_64-linux-gnu/libdl-2.23.so
7f8b3544b000-7f8b35464000 r-xp 00000000 08:02 1967464                    /lib/x86_64-linux-gnu/libz.so.1.2.8
7f8b35464000-7f8b35663000 ---p 00019000 08:02 1967464                    /lib/x86_64-linux-gnu/libz.so.1.2.8
7f8b35663000-7f8b35664000 r--p 00018000 08:02 1967464                    /lib/x86_64-linux-gnu/libz.so.1.2.8
7f8b35664000-7f8b35665000 rw-p 00019000 08:02 1967464                    /lib/x86_64-linux-gnu/libz.so.1.2.8
7f8b35665000-7f8b35825000 r-xp 00000000 08:02 1967274                    /lib/x86_64-linux-gnu/libc-2.23.so
7f8b35825000-7f8b35a24000 ---p 001c0000 08:02 1967274                    /lib/x86_64-linux-gnu/libc-2.23.so
7f8b35a24000-7f8b35a28000 r--p 001bf000 08:02 1967274                    /lib/x86_64-linux-gnu/libc-2.23.so
7f8b35a28000-7f8b35a2a000 rw-p 001c3000 08:02 1967274                    /lib/x86_64-linux-gnu/libc-2.23.so
7f8b35a2a000-7f8b35a2e000 rw-p 00000000 00:00 0 
7f8b35a2e000-7f8b35a3b000 r-xp 00000000 08:02 2357987                    /usr/lib/jvm/java-8-openjdk-amd64/jre/lib/amd64/jli/libjli.so
7f8b35a3b000-7f8b35c3b000 ---p 0000d000 08:02 2357987                    /usr/lib/jvm/java-8-openjdk-amd64/jre/lib/amd64/jli/libjli.so
7f8b35c3b000-7f8b35c3c000 r--p 0000d000 08:02 2357987                    /usr/lib/jvm/java-8-openjdk-amd64/jre/lib/amd64/jli/libjli.so
7f8b35c3c000-7f8b35c3d000 rw-p 0000e000 08:02 2357987                    /usr/lib/jvm/java-8-openjdk-amd64/jre/lib/amd64/jli/libjli.so
7f8b35c3d000-7f8b35c63000 r-xp 00000000 08:02 1967246                    /lib/x86_64-linux-gnu/ld-2.23.so
7f8b35c63000-7f8b35c67000 r--s 0002a000 08:13 40505472                   /usr2/slow/home/enerccio/.m2/repository/commons-io/commons-io/2.4/commons-io-2.4.jar
7f8b35c67000-7f8b35d38000 rw-p 00000000 00:00 0 
7f8b35d38000-7f8b35d3b000 ---p 00000000 00:00 0 
7f8b35d3b000-7f8b35e3e000 rw-p 00000000 00:00 0 
7f8b35e40000-7f8b35e41000 r--s 00010000 08:02 2358022                    /usr/lib/jvm/java-8-openjdk-amd64/jre/lib/ext/zipfs.jar
7f8b35e41000-7f8b35e44000 r--s 0000f000 08:02 2358024                    /usr/lib/jvm/java-8-openjdk-amd64/jre/lib/ext/icedtea-sound.jar
7f8b35e44000-7f8b35e4e000 r--s 00116000 08:02 2358025                    /usr/lib/jvm/java-8-openjdk-amd64/jre/lib/ext/localedata.jar
7f8b35e4e000-7f8b35e52000 r--s 00037000 08:02 2358026                    /usr/lib/jvm/java-8-openjdk-amd64/jre/lib/ext/sunpkcs11.jar
7f8b35e52000-7f8b35e53000 r--s 00008000 08:02 2358020                    /usr/lib/jvm/java-8-openjdk-amd64/jre/lib/ext/sunec.jar
7f8b35e53000-7f8b35e55000 r--s 00001000 08:02 2358018                    /usr/lib/jvm/java-8-openjdk-amd64/jre/lib/ext/dnsns.jar
7f8b35e55000-7f8b35e56000 r--s 0000a000 08:02 2358021                    /usr/lib/jvm/java-8-openjdk-amd64/jre/lib/ext/jaccess.jar
7f8b35e56000-7f8b35e5e000 rw-s 00000000 08:02 1835312                    /tmp/hsperfdata_enerccio/1613
7f8b35e5e000-7f8b35e5f000 rw-p 00000000 00:00 0 
7f8b35e5f000-7f8b35e60000 r--p 00000000 00:00 0 
7f8b35e60000-7f8b35e62000 rw-p 00000000 00:00 0 
7f8b35e62000-7f8b35e63000 r--p 00025000 08:02 1967246                    /lib/x86_64-linux-gnu/ld-2.23.so
7f8b35e63000-7f8b35e64000 rw-p 00026000 08:02 1967246                    /lib/x86_64-linux-gnu/ld-2.23.so
7f8b35e64000-7f8b35e65000 rw-p 00000000 00:00 0 
7ffd8a783000-7ffd8a7a4000 rw-p 00000000 00:00 0                          [stack]
7ffd8a7d4000-7ffd8a7d6000 r--p 00000000 00:00 0                          [vvar]
7ffd8a7d6000-7ffd8a7d8000 r-xp 00000000 00:00 0                          [vdso]
ffffffffff600000-ffffffffff601000 r-xp 00000000 00:00 0                  [vsyscall]

VM Arguments:
jvm_args: -Dfile.encoding=UTF-8 
java_command: RunTest
java_class_path (initial): /usr2/slow/home/enerccio/git/pdlang-compiler/target/classes:/usr2/slow/home/enerccio/git/pdlang-parser/target/classes:/home/enerccio/.m2/repository/org/antlr/antlr4-runtime/4.5.3/antlr4-runtime-4.5.3.jar:/usr2/slow/home/enerccio/git/pdlang-tools/target/classes:/home/enerccio/.m2/repository/commons-io/commons-io/2.4/commons-io-2.4.jar:/home/enerccio/.m2/repository/org/apache/commons/commons-lang3/3.0/commons-lang3-3.0.jar:/home/enerccio/.m2/repository/org/ow2/asm/asm-all/5.1/asm-all-5.1.jar
Launcher Type: SUN_STANDARD

Environment Variables:
JAVA_HOME=/usr/lib/jvm/java-8-oracle
PATH=/opt/sts-bundle/sts-3.8.2.RELEASE/STS:/home/enerccio/bin:/home/enerccio/.local/bin:/opt/android-studio/bin:/usr/local/sbin:/usr/local/bin:/usr/sbin:/usr/bin:/sbin:/bin:/usr/games:/usr/local/games:/usr/lib/jvm/java-8-oracle/bin:/usr/lib/jvm/java-8-oracle/db/bin:/usr/lib/jvm/java-8-oracle/jre/bin
SHELL=/bin/bash
DISPLAY=:0

Signal Handlers:
SIGSEGV: [libjvm.so+0xa5e970], sa_mask[0]=11111111011111111101111111111110, sa_flags=SA_RESTART|SA_SIGINFO
SIGBUS: [libjvm.so+0xa5e970], sa_mask[0]=11111111011111111101111111111110, sa_flags=SA_RESTART|SA_SIGINFO
SIGFPE: [libjvm.so+0x8a9ff0], sa_mask[0]=11111111011111111101111111111110, sa_flags=SA_RESTART|SA_SIGINFO
SIGPIPE: [libjvm.so+0x8a9ff0], sa_mask[0]=11111111011111111101111111111110, sa_flags=SA_RESTART|SA_SIGINFO
SIGXFSZ: [libjvm.so+0x8a9ff0], sa_mask[0]=11111111011111111101111111111110, sa_flags=SA_RESTART|SA_SIGINFO
SIGILL: [libjvm.so+0x8a9ff0], sa_mask[0]=11111111011111111101111111111110, sa_flags=SA_RESTART|SA_SIGINFO
SIGUSR1: SIG_DFL, sa_mask[0]=00000000000000000000000000000000, sa_flags=none
SIGUSR2: [libjvm.so+0x8a9ea0], sa_mask[0]=00100000000000000000000000000000, sa_flags=SA_RESTART|SA_SIGINFO
SIGHUP: [libjvm.so+0x8aa370], sa_mask[0]=11111111011111111101111111111110, sa_flags=SA_RESTART|SA_SIGINFO
SIGINT: [libjvm.so+0x8aa370], sa_mask[0]=11111111011111111101111111111110, sa_flags=SA_RESTART|SA_SIGINFO
SIGTERM: [libjvm.so+0x8aa370], sa_mask[0]=11111111011111111101111111111110, sa_flags=SA_RESTART|SA_SIGINFO
SIGQUIT: [libjvm.so+0x8aa370], sa_mask[0]=11111111011111111101111111111110, sa_flags=SA_RESTART|SA_SIGINFO


---------------  S Y S T E M  ---------------

OS:DISTRIB_ID="elementary"
DISTRIB_RELEASE=0.4
DISTRIB_CODENAME=loki
DISTRIB_DESCRIPTION="elementary OS 0.4 Loki"

uname:Linux 4.4.0-38-generic #57-Ubuntu SMP Tue Sep 6 15:42:33 UTC 2016 x86_64
libc:glibc 2.23 NPTL 2.23 
rlimit: STACK 8192k, CORE 0k, NPROC 62492, NOFILE 65536, AS infinity
load average:0,23 0,43 0,51

/proc/meminfo:
MemTotal:       16245384 kB
MemFree:         3055052 kB
MemAvailable:   11410376 kB
Buffers:          776092 kB
Cached:          7379684 kB
SwapCached:         5436 kB
Active:          7518448 kB
Inactive:        4792908 kB
Active(anon):    3380080 kB
Inactive(anon):   863368 kB
Active(file):    4138368 kB
Inactive(file):  3929540 kB
Unevictable:          48 kB
Mlocked:              48 kB
SwapTotal:       1897468 kB
SwapFree:        1869812 kB
Dirty:              6364 kB
Writeback:             0 kB
AnonPages:       4150836 kB
Mapped:           331212 kB
Shmem:             87868 kB
Slab:             676376 kB
SReclaimable:     625628 kB
SUnreclaim:        50748 kB
KernelStack:       10432 kB
PageTables:        39868 kB
NFS_Unstable:          0 kB
Bounce:                0 kB
WritebackTmp:          0 kB
CommitLimit:    10020160 kB
Committed_AS:    8176972 kB
VmallocTotal:   34359738367 kB
VmallocUsed:           0 kB
VmallocChunk:          0 kB
HardwareCorrupted:     0 kB
AnonHugePages:   2326528 kB
CmaTotal:              0 kB
CmaFree:               0 kB
HugePages_Total:       0
HugePages_Free:        0
HugePages_Rsvd:        0
HugePages_Surp:        0
Hugepagesize:       2048 kB
DirectMap4k:      421432 kB
DirectMap2M:    16166912 kB
DirectMap1G:           0 kB


CPU:total 8 (4 cores per cpu, 2 threads per core) family 6 model 60 stepping 3, cmov, cx8, fxsr, mmx, sse, sse2, sse3, ssse3, sse4.1, sse4.2, popcnt, avx, avx2, aes, clmul, erms, lzcnt, ht, tsc, tscinvbit, bmi1, bmi2

/proc/cpuinfo:
processor	: 0
vendor_id	: GenuineIntel
cpu family	: 6
model		: 60
model name	: Intel(R) Core(TM) i7-4770 CPU @ 3.40GHz
stepping	: 3
microcode	: 0x1e
cpu MHz		: 3734.687
cache size	: 8192 KB
physical id	: 0
siblings	: 8
core id		: 0
cpu cores	: 4
apicid		: 0
initial apicid	: 0
fpu		: yes
fpu_exception	: yes
cpuid level	: 13
wp		: yes
flags		: fpu vme de pse tsc msr pae mce cx8 apic sep mtrr pge mca cmov pat pse36 clflush dts acpi mmx fxsr sse sse2 ss ht tm pbe syscall nx pdpe1gb rdtscp lm constant_tsc arch_perfmon pebs bts rep_good nopl xtopology nonstop_tsc aperfmperf eagerfpu pni pclmulqdq dtes64 monitor ds_cpl vmx smx est tm2 ssse3 sdbg fma cx16 xtpr pdcm pcid sse4_1 sse4_2 x2apic movbe popcnt tsc_deadline_timer aes xsave avx f16c rdrand lahf_lm abm tpr_shadow vnmi flexpriority ept vpid fsgsbase tsc_adjust bmi1 avx2 smep bmi2 erms invpcid xsaveopt dtherm ida arat pln pts
bugs		:
bogomips	: 6784.85
clflush size	: 64
cache_alignment	: 64
address sizes	: 39 bits physical, 48 bits virtual
power management:

processor	: 1
vendor_id	: GenuineIntel
cpu family	: 6
model		: 60
model name	: Intel(R) Core(TM) i7-4770 CPU @ 3.40GHz
stepping	: 3
microcode	: 0x1e
cpu MHz		: 3793.523
cache size	: 8192 KB
physical id	: 0
siblings	: 8
core id		: 1
cpu cores	: 4
apicid		: 2
initial apicid	: 2
fpu		: yes
fpu_exception	: yes
cpuid level	: 13
wp		: yes
flags		: fpu vme de pse tsc msr pae mce cx8 apic sep mtrr pge mca cmov pat pse36 clflush dts acpi mmx fxsr sse sse2 ss ht tm pbe syscall nx pdpe1gb rdtscp lm constant_tsc arch_perfmon pebs bts rep_good nopl xtopology nonstop_tsc aperfmperf eagerfpu pni pclmulqdq dtes64 monitor ds_cpl vmx smx est tm2 ssse3 sdbg fma cx16 xtpr pdcm pcid sse4_1 sse4_2 x2apic movbe popcnt tsc_deadline_timer aes xsave avx f16c rdrand lahf_lm abm tpr_shadow vnmi flexpriority ept vpid fsgsbase tsc_adjust bmi1 avx2 smep bmi2 erms invpcid xsaveopt dtherm ida arat pln pts
bugs		:
bogomips	: 6784.85
clflush size	: 64
cache_alignment	: 64
address sizes	: 39 bits physical, 48 bits virtual
power management:

processor	: 2
vendor_id	: GenuineIntel
cpu family	: 6
model		: 60
model name	: Intel(R) Core(TM) i7-4770 CPU @ 3.40GHz
stepping	: 3
microcode	: 0x1e
cpu MHz		: 3720.476
cache size	: 8192 KB
physical id	: 0
siblings	: 8
core id		: 2
cpu cores	: 4
apicid		: 4
initial apicid	: 4
fpu		: yes
fpu_exception	: yes
cpuid level	: 13
wp		: yes
flags		: fpu vme de pse tsc msr pae mce cx8 apic sep mtrr pge mca cmov pat pse36 clflush dts acpi mmx fxsr sse sse2 ss ht tm pbe syscall nx pdpe1gb rdtscp lm constant_tsc arch_perfmon pebs bts rep_good nopl xtopology nonstop_tsc aperfmperf eagerfpu pni pclmulqdq dtes64 monitor ds_cpl vmx smx est tm2 ssse3 sdbg fma cx16 xtpr pdcm pcid sse4_1 sse4_2 x2apic movbe popcnt tsc_deadline_timer aes xsave avx f16c rdrand lahf_lm abm tpr_shadow vnmi flexpriority ept vpid fsgsbase tsc_adjust bmi1 avx2 smep bmi2 erms invpcid xsaveopt dtherm ida arat pln pts
bugs		:
bogomips	: 6784.85
clflush size	: 64
cache_alignment	: 64
address sizes	: 39 bits physical, 48 bits virtual
power management:

processor	: 3
vendor_id	: GenuineIntel
cpu family	: 6
model		: 60
model name	: Intel(R) Core(TM) i7-4770 CPU @ 3.40GHz
stepping	: 3
microcode	: 0x1e
cpu MHz		: 3793.523
cache size	: 8192 KB
physical id	: 0
siblings	: 8
core id		: 3
cpu cores	: 4
apicid		: 6
initial apicid	: 6
fpu		: yes
fpu_exception	: yes
cpuid level	: 13
wp		: yes
flags		: fpu vme de pse tsc msr pae mce cx8 apic sep mtrr pge mca cmov pat pse36 clflush dts acpi mmx fxsr sse sse2 ss ht tm pbe syscall nx pdpe1gb rdtscp lm constant_tsc arch_perfmon pebs bts rep_good nopl xtopology nonstop_tsc aperfmperf eagerfpu pni pclmulqdq dtes64 monitor ds_cpl vmx smx est tm2 ssse3 sdbg fma cx16 xtpr pdcm pcid sse4_1 sse4_2 x2apic movbe popcnt tsc_deadline_timer aes xsave avx f16c rdrand lahf_lm abm tpr_shadow vnmi flexpriority ept vpid fsgsbase tsc_adjust bmi1 avx2 smep bmi2 erms invpcid xsaveopt dtherm ida arat pln pts
bugs		:
bogomips	: 6784.85
clflush size	: 64
cache_alignment	: 64
address sizes	: 39 bits physical, 48 bits virtual
power management:

processor	: 4
vendor_id	: GenuineIntel
cpu family	: 6
model		: 60
model name	: Intel(R) Core(TM) i7-4770 CPU @ 3.40GHz
stepping	: 3
microcode	: 0x1e
cpu MHz		: 3737.875
cache size	: 8192 KB
physical id	: 0
siblings	: 8
core id		: 0
cpu cores	: 4
apicid		: 1
initial apicid	: 1
fpu		: yes
fpu_exception	: yes
cpuid level	: 13
wp		: yes
flags		: fpu vme de pse tsc msr pae mce cx8 apic sep mtrr pge mca cmov pat pse36 clflush dts acpi mmx fxsr sse sse2 ss ht tm pbe syscall nx pdpe1gb rdtscp lm constant_tsc arch_perfmon pebs bts rep_good nopl xtopology nonstop_tsc aperfmperf eagerfpu pni pclmulqdq dtes64 monitor ds_cpl vmx smx est tm2 ssse3 sdbg fma cx16 xtpr pdcm pcid sse4_1 sse4_2 x2apic movbe popcnt tsc_deadline_timer aes xsave avx f16c rdrand lahf_lm abm tpr_shadow vnmi flexpriority ept vpid fsgsbase tsc_adjust bmi1 avx2 smep bmi2 erms invpcid xsaveopt dtherm ida arat pln pts
bugs		:
bogomips	: 6784.85
clflush size	: 64
cache_alignment	: 64
address sizes	: 39 bits physical, 48 bits virtual
power management:

processor	: 5
vendor_id	: GenuineIntel
cpu family	: 6
model		: 60
model name	: Intel(R) Core(TM) i7-4770 CPU @ 3.40GHz
stepping	: 3
microcode	: 0x1e
cpu MHz		: 3797.507
cache size	: 8192 KB
physical id	: 0
siblings	: 8
core id		: 1
cpu cores	: 4
apicid		: 3
initial apicid	: 3
fpu		: yes
fpu_exception	: yes
cpuid level	: 13
wp		: yes
flags		: fpu vme de pse tsc msr pae mce cx8 apic sep mtrr pge mca cmov pat pse36 clflush dts acpi mmx fxsr sse sse2 ss ht tm pbe syscall nx pdpe1gb rdtscp lm constant_tsc arch_perfmon pebs bts rep_good nopl xtopology nonstop_tsc aperfmperf eagerfpu pni pclmulqdq dtes64 monitor ds_cpl vmx smx est tm2 ssse3 sdbg fma cx16 xtpr pdcm pcid sse4_1 sse4_2 x2apic movbe popcnt tsc_deadline_timer aes xsave avx f16c rdrand lahf_lm abm tpr_shadow vnmi flexpriority ept vpid fsgsbase tsc_adjust bmi1 avx2 smep bmi2 erms invpcid xsaveopt dtherm ida arat pln pts
bugs		:
bogomips	: 6784.85
clflush size	: 64
cache_alignment	: 64
address sizes	: 39 bits physical, 48 bits virtual
power management:

processor	: 6
vendor_id	: GenuineIntel
cpu family	: 6
model		: 60
model name	: Intel(R) Core(TM) i7-4770 CPU @ 3.40GHz
stepping	: 3
microcode	: 0x1e
cpu MHz		: 3710.648
cache size	: 8192 KB
physical id	: 0
siblings	: 8
core id		: 2
cpu cores	: 4
apicid		: 5
initial apicid	: 5
fpu		: yes
fpu_exception	: yes
cpuid level	: 13
wp		: yes
flags		: fpu vme de pse tsc msr pae mce cx8 apic sep mtrr pge mca cmov pat pse36 clflush dts acpi mmx fxsr sse sse2 ss ht tm pbe syscall nx pdpe1gb rdtscp lm constant_tsc arch_perfmon pebs bts rep_good nopl xtopology nonstop_tsc aperfmperf eagerfpu pni pclmulqdq dtes64 monitor ds_cpl vmx smx est tm2 ssse3 sdbg fma cx16 xtpr pdcm pcid sse4_1 sse4_2 x2apic movbe popcnt tsc_deadline_timer aes xsave avx f16c rdrand lahf_lm abm tpr_shadow vnmi flexpriority ept vpid fsgsbase tsc_adjust bmi1 avx2 smep bmi2 erms invpcid xsaveopt dtherm ida arat pln pts
bugs		:
bogomips	: 6784.85
clflush size	: 64
cache_alignment	: 64
address sizes	: 39 bits physical, 48 bits virtual
power management:

processor	: 7
vendor_id	: GenuineIntel
cpu family	: 6
model		: 60
model name	: Intel(R) Core(TM) i7-4770 CPU @ 3.40GHz
stepping	: 3
microcode	: 0x1e
cpu MHz		: 3731.500
cache size	: 8192 KB
physical id	: 0
siblings	: 8
core id		: 3
cpu cores	: 4
apicid		: 7
initial apicid	: 7
fpu		: yes
fpu_exception	: yes
cpuid level	: 13
wp		: yes
flags		: fpu vme de pse tsc msr pae mce cx8 apic sep mtrr pge mca cmov pat pse36 clflush dts acpi mmx fxsr sse sse2 ss ht tm pbe syscall nx pdpe1gb rdtscp lm constant_tsc arch_perfmon pebs bts rep_good nopl xtopology nonstop_tsc aperfmperf eagerfpu pni pclmulqdq dtes64 monitor ds_cpl vmx smx est tm2 ssse3 sdbg fma cx16 xtpr pdcm pcid sse4_1 sse4_2 x2apic movbe popcnt tsc_deadline_timer aes xsave avx f16c rdrand lahf_lm abm tpr_shadow vnmi flexpriority ept vpid fsgsbase tsc_adjust bmi1 avx2 smep bmi2 erms invpcid xsaveopt dtherm ida arat pln pts
bugs		:
bogomips	: 6784.85
clflush size	: 64
cache_alignment	: 64
address sizes	: 39 bits physical, 48 bits virtual
power management:



Memory: 4k page, physical 16245384k(3055052k free), swap 1897468k(1869812k free)

vm_info: OpenJDK 64-Bit Server VM (25.91-b14) for linux-amd64 JRE (1.8.0_91-8u91-b14-3ubuntu1~16.04.1-b14), built on Jul 21 2016 04:13:34 by "buildd" with gcc 5.3.1 20160413

time: Tue Oct 25 22:46:49 2016
elapsed time: 0 seconds (0d 0h 0m 0s)

