#
# A fatal error has been detected by the Java Runtime Environment:
#
#  Internal Error (signature.cpp:120), pid=2707, tid=140517406181120
#  Error: ShouldNotReachHere()
#
# JRE version: OpenJDK Runtime Environment (8.0_91-b14) (build 1.8.0_91-8u91-b14-3ubuntu1~16.04.1-b14)
# Java VM: OpenJDK 64-Bit Server VM (25.91-b14 mixed mode linux-amd64 compressed oops)
# Failed to write core dump. Core dumps have been disabled. To enable core dumping, try "ulimit -c unlimited" before starting Java again
#
# If you would like to submit a bug report, please visit:
#   http://bugreport.java.com/bugreport/crash.jsp
#

---------------  T H R E A D  ---------------

Current thread (0x00007fccb800a000):  JavaThread "main" [_thread_in_vm, id=2712, stack(0x00007fccc2048000,0x00007fccc2149000)]

Stack: [0x00007fccc2048000,0x00007fccc2149000],  sp=0x00007fccc2146540,  free space=1017k
Native frames: (J=compiled Java code, j=interpreted, Vv=VM code, C=native code)
V  [libjvm.so+0xa5de1b]
V  [libjvm.so+0x4c18bd]
V  [libjvm.so+0x97741c]
V  [libjvm.so+0x424d42]
V  [libjvm.so+0x42541f]
V  [libjvm.so+0x42716f]
V  [libjvm.so+0x9cd434]
V  [libjvm.so+0x6a08af]
V  [libjvm.so+0x6a1c8c]  JVM_DefineClassWithSource+0xbc
C  [libjava.so+0xec45]  Java_java_lang_ClassLoader_defineClass1+0x205
j  java.lang.ClassLoader.defineClass1(Ljava/lang/String;[BIILjava/security/ProtectionDomain;Ljava/lang/String;)Ljava/lang/Class;+0
j  java.lang.ClassLoader.defineClass(Ljava/lang/String;[BIILjava/security/ProtectionDomain;)Ljava/lang/Class;+27
j  java.lang.ClassLoader.defineClass(Ljava/lang/String;[BII)Ljava/lang/Class;+7
j  cz.upol.prf.vanusanik.pdlang.cl.PDLangClassLoader.getInvoker(Ljava/lang/String;)Ljava/lang/Class;+49
j  cz.upol.prf.vanusanik.pdlang.cl.PDLangClassLoader.getPDLangObject(Ljava/lang/String;)Ljava/lang/Class;+15
j  cz.upol.prf.vanusanik.pdlang.cl.PDLangClassLoader.findClass(Ljava/lang/String;)Ljava/lang/Class;+15
j  java.lang.ClassLoader.loadClass(Ljava/lang/String;Z)Ljava/lang/Class;+70
j  java.lang.ClassLoader.loadClass(Ljava/lang/String;)Ljava/lang/Class;+3
j  RunTest.main([Ljava/lang/String;)V+98
v  ~StubRoutines::call_stub
V  [libjvm.so+0x65effb]
V  [libjvm.so+0x680d3e]
V  [libjvm.so+0x68366f]
C  [libjli.so+0x353f]
C  [libjli.so+0x73cd]
C  [libpthread.so.0+0x76fa]  start_thread+0xca

Java frames: (J=compiled Java code, j=interpreted, Vv=VM code)
j  java.lang.ClassLoader.defineClass1(Ljava/lang/String;[BIILjava/security/ProtectionDomain;Ljava/lang/String;)Ljava/lang/Class;+0
j  java.lang.ClassLoader.defineClass(Ljava/lang/String;[BIILjava/security/ProtectionDomain;)Ljava/lang/Class;+27
j  java.lang.ClassLoader.defineClass(Ljava/lang/String;[BII)Ljava/lang/Class;+7
j  cz.upol.prf.vanusanik.pdlang.cl.PDLangClassLoader.getInvoker(Ljava/lang/String;)Ljava/lang/Class;+49
j  cz.upol.prf.vanusanik.pdlang.cl.PDLangClassLoader.getPDLangObject(Ljava/lang/String;)Ljava/lang/Class;+15
j  cz.upol.prf.vanusanik.pdlang.cl.PDLangClassLoader.findClass(Ljava/lang/String;)Ljava/lang/Class;+15
j  java.lang.ClassLoader.loadClass(Ljava/lang/String;Z)Ljava/lang/Class;+70
j  java.lang.ClassLoader.loadClass(Ljava/lang/String;)Ljava/lang/Class;+3
j  RunTest.main([Ljava/lang/String;)V+98
v  ~StubRoutines::call_stub

---------------  P R O C E S S  ---------------

Java Threads: ( => current thread )
  0x00007fccb80c4800 JavaThread "Service Thread" daemon [_thread_blocked, id=2729, stack(0x00007fcca0f01000,0x00007fcca1002000)]
  0x00007fccb80bf800 JavaThread "C1 CompilerThread3" daemon [_thread_in_native, id=2728, stack(0x00007fcca1002000,0x00007fcca1103000)]
  0x00007fccb80bb000 JavaThread "C2 CompilerThread2" daemon [_thread_blocked, id=2727, stack(0x00007fcca1103000,0x00007fcca1204000)]
  0x00007fccb80b9000 JavaThread "C2 CompilerThread1" daemon [_thread_blocked, id=2726, stack(0x00007fcca1204000,0x00007fcca1305000)]
  0x00007fccb80b6800 JavaThread "C2 CompilerThread0" daemon [_thread_blocked, id=2725, stack(0x00007fcca1305000,0x00007fcca1406000)]
  0x00007fccb80b4800 JavaThread "Signal Dispatcher" daemon [_thread_blocked, id=2724, stack(0x00007fcca1406000,0x00007fcca1507000)]
  0x00007fccb808c000 JavaThread "Finalizer" daemon [_thread_blocked, id=2723, stack(0x00007fcca2ff0000,0x00007fcca30f1000)]
  0x00007fccb8087000 JavaThread "Reference Handler" daemon [_thread_blocked, id=2722, stack(0x00007fcca30f1000,0x00007fcca31f2000)]
=>0x00007fccb800a000 JavaThread "main" [_thread_in_vm, id=2712, stack(0x00007fccc2048000,0x00007fccc2149000)]

Other Threads:
  0x00007fccb807f800 VMThread [stack: 0x00007fcca31f2000,0x00007fcca32f3000] [id=2721]
  0x00007fccb80c7000 WatcherThread [stack: 0x00007fcca0e00000,0x00007fcca0f01000] [id=2730]

VM state:not at safepoint (normal execution)

VM Mutex/Monitor currently owned by a thread: None

Heap:
 PSYoungGen      total 74240K, used 3840K [0x000000076d580000, 0x0000000772800000, 0x00000007c0000000)
  eden space 64000K, 6% used [0x000000076d580000,0x000000076d940080,0x0000000771400000)
  from space 10240K, 0% used [0x0000000771e00000,0x0000000771e00000,0x0000000772800000)
  to   space 10240K, 0% used [0x0000000771400000,0x0000000771400000,0x0000000771e00000)
 ParOldGen       total 169472K, used 0K [0x00000006c8000000, 0x00000006d2580000, 0x000000076d580000)
  object space 169472K, 0% used [0x00000006c8000000,0x00000006c8000000,0x00000006d2580000)
 Metaspace       used 3283K, capacity 4862K, committed 5120K, reserved 1056768K
  class space    used 332K, capacity 426K, committed 512K, reserved 1048576K

Card table byte_map: [0x00007fccbdf56000,0x00007fccbe717000] byte_map_base: 0x00007fccba916000

Marking Bits: (ParMarkBitMap*) 0x00007fccc131dfc0
 Begin Bits: [0x00007fcc74400000, 0x00007fcc78200000)
 End Bits:   [0x00007fcc78200000, 0x00007fcc7c000000)

Polling page: 0x00007fccc216f000

CodeCache: size=245760Kb used=1281Kb max_used=1281Kb free=244478Kb
 bounds [0x00007fcca9000000, 0x00007fcca9270000, 0x00007fccb8000000]
 total_blobs=340 nmethods=99 adapters=156
 compilation: enabled

Compilation events (10 events):
Event: 0,062 Thread 0x00007fccb80bf800 nmethod 93 0x00007fcca913bcd0 code [0x00007fcca913be40, 0x00007fcca913c050]
Event: 0,062 Thread 0x00007fccb80bf800   95   !   3       java.util.concurrent.ConcurrentHashMap::putVal (362 bytes)
Event: 0,064 Thread 0x00007fccb80bf800 nmethod 95 0x00007fcca913c490 code [0x00007fcca913c760, 0x00007fcca913e138]
Event: 0,064 Thread 0x00007fccb80bf800   96       3       java.util.concurrent.ConcurrentHashMap::casTabAt (20 bytes)
Event: 0,064 Thread 0x00007fccb80bf800 nmethod 96 0x00007fcca913edd0 code [0x00007fcca913ef20, 0x00007fcca913f0b0]
Event: 0,064 Thread 0x00007fccb80bf800   98       3       java.util.HashMap::getNode (148 bytes)
Event: 0,064 Thread 0x00007fccb80bf800 nmethod 98 0x00007fcca913f150 code [0x00007fcca913f320, 0x00007fcca913fcc8]
Event: 0,064 Thread 0x00007fccb80bf800   99       3       java.lang.ref.SoftReference::get (29 bytes)
Event: 0,064 Thread 0x00007fccb80bf800 nmethod 99 0x00007fcca913ff90 code [0x00007fcca9140100, 0x00007fcca91402f0]
Event: 0,064 Thread 0x00007fccb80bf800   97   !   3       java.util.zip.ZipFile::getEntry (86 bytes)

GC Heap History (0 events):
No events

Deoptimization events (0 events):
No events

Internal exceptions (2 events):
Event: 0,011 Thread 0x00007fccb800a000 Exception <a 'java/lang/NoSuchMethodError': Method sun.misc.Unsafe.defineClass(Ljava/lang/String;[BII)Ljava/lang/Class; name or signature does not match> (0x000000076d587cc0) thrown at [/build/openjdk-8-W1Ghxo/openjdk-8-8u91-b14/src/hotspot/src/share/vm/p
Event: 0,011 Thread 0x00007fccb800a000 Exception <a 'java/lang/NoSuchMethodError': Method sun.misc.Unsafe.prefetchRead(Ljava/lang/Object;J)V name or signature does not match> (0x000000076d587fa8) thrown at [/build/openjdk-8-W1Ghxo/openjdk-8-8u91-b14/src/hotspot/src/share/vm/prims/jni.cpp, line

Events (10 events):
Event: 0,063 loading class java/io/PrintWriter
Event: 0,063 loading class java/io/PrintWriter done
Event: 0,063 loading class ¤pd¤invaIi(D)
Event: 0,063 loading class ¤pd¤invaIi(D) done
Event: 0,063 loading class ¤pd¤invD
Event: 0,063 loading class ¤pd¤invD done
Event: 0,064 loading class ¤pd¤invT
Event: 0,064 loading class ¤pd¤invT done
Event: 0,064 loading class ¤pd¤invTTaBb(T)
Event: 0,064 loading class ¤pd¤invTTaBb(T) done


Dynamic libraries:
00400000-00401000 r-xp 00000000 08:02 2357941                            /usr/lib/jvm/java-8-openjdk-amd64/jre/bin/java
00600000-00601000 r--p 00000000 08:02 2357941                            /usr/lib/jvm/java-8-openjdk-amd64/jre/bin/java
00601000-00602000 rw-p 00001000 08:02 2357941                            /usr/lib/jvm/java-8-openjdk-amd64/jre/bin/java
01b26000-01b47000 rw-p 00000000 00:00 0                                  [heap]
6c8000000-6d2580000 rw-p 00000000 00:00 0 
6d2580000-76d580000 ---p 00000000 00:00 0 
76d580000-772800000 rw-p 00000000 00:00 0 
772800000-7c0000000 ---p 00000000 00:00 0 
7c0000000-7c0080000 rw-p 00000000 00:00 0 
7c0080000-800000000 ---p 00000000 00:00 0 
7fcc50000000-7fcc50021000 rw-p 00000000 00:00 0 
7fcc50021000-7fcc54000000 ---p 00000000 00:00 0 
7fcc54000000-7fcc54021000 rw-p 00000000 00:00 0 
7fcc54021000-7fcc58000000 ---p 00000000 00:00 0 
7fcc58000000-7fcc58021000 rw-p 00000000 00:00 0 
7fcc58021000-7fcc5c000000 ---p 00000000 00:00 0 
7fcc5c000000-7fcc5c147000 rw-p 00000000 00:00 0 
7fcc5c147000-7fcc60000000 ---p 00000000 00:00 0 
7fcc60000000-7fcc6006e000 rw-p 00000000 00:00 0 
7fcc6006e000-7fcc64000000 ---p 00000000 00:00 0 
7fcc64000000-7fcc64021000 rw-p 00000000 00:00 0 
7fcc64021000-7fcc68000000 ---p 00000000 00:00 0 
7fcc68000000-7fcc68021000 rw-p 00000000 00:00 0 
7fcc68021000-7fcc6c000000 ---p 00000000 00:00 0 
7fcc6c000000-7fcc6c021000 rw-p 00000000 00:00 0 
7fcc6c021000-7fcc70000000 ---p 00000000 00:00 0 
7fcc70000000-7fcc70021000 rw-p 00000000 00:00 0 
7fcc70021000-7fcc74000000 ---p 00000000 00:00 0 
7fcc74400000-7fcc7c000000 rw-p 00000000 00:00 0 
7fcc7c000000-7fcc7c021000 rw-p 00000000 00:00 0 
7fcc7c021000-7fcc80000000 ---p 00000000 00:00 0 
7fcc80000000-7fcc80021000 rw-p 00000000 00:00 0 
7fcc80021000-7fcc84000000 ---p 00000000 00:00 0 
7fcc84000000-7fcc84021000 rw-p 00000000 00:00 0 
7fcc84021000-7fcc88000000 ---p 00000000 00:00 0 
7fcc88000000-7fcc88021000 rw-p 00000000 00:00 0 
7fcc88021000-7fcc8c000000 ---p 00000000 00:00 0 
7fcc8c000000-7fcc8c021000 rw-p 00000000 00:00 0 
7fcc8c021000-7fcc90000000 ---p 00000000 00:00 0 
7fcc94000000-7fcc94021000 rw-p 00000000 00:00 0 
7fcc94021000-7fcc98000000 ---p 00000000 00:00 0 
7fcc98000000-7fcc98021000 rw-p 00000000 00:00 0 
7fcc98021000-7fcc9c000000 ---p 00000000 00:00 0 
7fcc9c000000-7fcc9c021000 rw-p 00000000 00:00 0 
7fcc9c021000-7fcca0000000 ---p 00000000 00:00 0 
7fcca0e00000-7fcca0e01000 ---p 00000000 00:00 0 
7fcca0e01000-7fcca0f01000 rw-p 00000000 00:00 0 
7fcca0f01000-7fcca0f04000 ---p 00000000 00:00 0 
7fcca0f04000-7fcca1002000 rw-p 00000000 00:00 0 
7fcca1002000-7fcca1005000 ---p 00000000 00:00 0 
7fcca1005000-7fcca1103000 rw-p 00000000 00:00 0 
7fcca1103000-7fcca1106000 ---p 00000000 00:00 0 
7fcca1106000-7fcca1204000 rw-p 00000000 00:00 0 
7fcca1204000-7fcca1207000 ---p 00000000 00:00 0 
7fcca1207000-7fcca1305000 rw-p 00000000 00:00 0 
7fcca1305000-7fcca1308000 ---p 00000000 00:00 0 
7fcca1308000-7fcca1406000 rw-p 00000000 00:00 0 
7fcca1406000-7fcca1409000 ---p 00000000 00:00 0 
7fcca1409000-7fcca1507000 rw-p 00000000 00:00 0 
7fcca1507000-7fcca2ff0000 r--p 00000000 08:02 2227971                    /usr/lib/locale/locale-archive
7fcca2ff0000-7fcca2ff3000 ---p 00000000 00:00 0 
7fcca2ff3000-7fcca30f1000 rw-p 00000000 00:00 0 
7fcca30f1000-7fcca30f4000 ---p 00000000 00:00 0 
7fcca30f4000-7fcca31f2000 rw-p 00000000 00:00 0 
7fcca31f2000-7fcca31f3000 ---p 00000000 00:00 0 
7fcca31f3000-7fcca4000000 rw-p 00000000 00:00 0 
7fcca4000000-7fcca4021000 rw-p 00000000 00:00 0 
7fcca4021000-7fcca8000000 ---p 00000000 00:00 0 
7fcca804b000-7fcca8050000 r--s 00038000 08:13 40633351                   /usr2/slow/home/enerccio/.m2/repository/org/ow2/asm/asm-all/5.1/asm-all-5.1.jar
7fcca8050000-7fcca8055000 r--s 00046000 08:13 40633378                   /usr2/slow/home/enerccio/.m2/repository/org/apache/commons/commons-lang3/3.0/commons-lang3-3.0.jar
7fcca8055000-7fcca805b000 r--s 00044000 08:13 40894495                   /usr2/slow/home/enerccio/.m2/repository/org/antlr/antlr4-runtime/4.5.3/antlr4-runtime-4.5.3.jar
7fcca805b000-7fcca8060000 r--s 0003b000 08:02 2358023                    /usr/lib/jvm/java-8-openjdk-amd64/jre/lib/ext/sunjce_provider.jar
7fcca8060000-7fcca807c000 r--s 00393000 08:02 2358019                    /usr/lib/jvm/java-8-openjdk-amd64/jre/lib/ext/cldrdata.jar
7fcca807c000-7fcca9000000 rw-p 00000000 00:00 0 
7fcca9000000-7fcca9270000 rwxp 00000000 00:00 0 
7fcca9270000-7fccb8000000 ---p 00000000 00:00 0 
7fccb8000000-7fccb823f000 rw-p 00000000 00:00 0 
7fccb823f000-7fccbc000000 ---p 00000000 00:00 0 
7fccbc004000-7fccbc01f000 r--s 001d7000 08:02 2358017                    /usr/lib/jvm/java-8-openjdk-amd64/jre/lib/ext/nashorn.jar
7fccbc01f000-7fccbc1ed000 r--s 03beb000 08:02 2358005                    /usr/lib/jvm/java-8-openjdk-amd64/jre/lib/rt.jar
7fccbc1ed000-7fccbc6e3000 rw-p 00000000 00:00 0 
7fccbc6e3000-7fccbca63000 ---p 00000000 00:00 0 
7fccbca63000-7fccbd223000 rw-p 00000000 00:00 0 
7fccbd223000-7fccbd224000 ---p 00000000 00:00 0 
7fccbd224000-7fccbd324000 rw-p 00000000 00:00 0 
7fccbd324000-7fccbd325000 ---p 00000000 00:00 0 
7fccbd325000-7fccbd425000 rw-p 00000000 00:00 0 
7fccbd425000-7fccbd426000 ---p 00000000 00:00 0 
7fccbd426000-7fccbd526000 rw-p 00000000 00:00 0 
7fccbd526000-7fccbd527000 ---p 00000000 00:00 0 
7fccbd527000-7fccbd627000 rw-p 00000000 00:00 0 
7fccbd627000-7fccbd628000 ---p 00000000 00:00 0 
7fccbd628000-7fccbd728000 rw-p 00000000 00:00 0 
7fccbd728000-7fccbd729000 ---p 00000000 00:00 0 
7fccbd729000-7fccbd829000 rw-p 00000000 00:00 0 
7fccbd829000-7fccbd82a000 ---p 00000000 00:00 0 
7fccbd82a000-7fccbd92a000 rw-p 00000000 00:00 0 
7fccbd92a000-7fccbd92b000 ---p 00000000 00:00 0 
7fccbd92b000-7fccbda7e000 rw-p 00000000 00:00 0 
7fccbda7e000-7fccbdf56000 ---p 00000000 00:00 0 
7fccbdf56000-7fccbdfa9000 rw-p 00000000 00:00 0 
7fccbdfa9000-7fccbe480000 ---p 00000000 00:00 0 
7fccbe480000-7fccbe4aa000 rw-p 00000000 00:00 0 
7fccbe4aa000-7fccbe716000 ---p 00000000 00:00 0 
7fccbe716000-7fccbe721000 rw-p 00000000 00:00 0 
7fccbe721000-7fccbead7000 ---p 00000000 00:00 0 
7fccbead7000-7fccbeadf000 r-xp 00000000 08:02 2357973                    /usr/lib/jvm/java-8-openjdk-amd64/jre/lib/amd64/libzip.so
7fccbeadf000-7fccbecde000 ---p 00008000 08:02 2357973                    /usr/lib/jvm/java-8-openjdk-amd64/jre/lib/amd64/libzip.so
7fccbecde000-7fccbecdf000 r--p 00007000 08:02 2357973                    /usr/lib/jvm/java-8-openjdk-amd64/jre/lib/amd64/libzip.so
7fccbecdf000-7fccbece0000 rw-p 00008000 08:02 2357973                    /usr/lib/jvm/java-8-openjdk-amd64/jre/lib/amd64/libzip.so
7fccbece0000-7fccbeceb000 r-xp 00000000 08:02 1967373                    /lib/x86_64-linux-gnu/libnss_files-2.23.so
7fccbeceb000-7fccbeeea000 ---p 0000b000 08:02 1967373                    /lib/x86_64-linux-gnu/libnss_files-2.23.so
7fccbeeea000-7fccbeeeb000 r--p 0000a000 08:02 1967373                    /lib/x86_64-linux-gnu/libnss_files-2.23.so
7fccbeeeb000-7fccbeeec000 rw-p 0000b000 08:02 1967373                    /lib/x86_64-linux-gnu/libnss_files-2.23.so
7fccbeeec000-7fccbeef2000 rw-p 00000000 00:00 0 
7fccbeef2000-7fccbeefd000 r-xp 00000000 08:02 1967383                    /lib/x86_64-linux-gnu/libnss_nis-2.23.so
7fccbeefd000-7fccbf0fc000 ---p 0000b000 08:02 1967383                    /lib/x86_64-linux-gnu/libnss_nis-2.23.so
7fccbf0fc000-7fccbf0fd000 r--p 0000a000 08:02 1967383                    /lib/x86_64-linux-gnu/libnss_nis-2.23.so
7fccbf0fd000-7fccbf0fe000 rw-p 0000b000 08:02 1967383                    /lib/x86_64-linux-gnu/libnss_nis-2.23.so
7fccbf0fe000-7fccbf114000 r-xp 00000000 08:02 1967367                    /lib/x86_64-linux-gnu/libnsl-2.23.so
7fccbf114000-7fccbf313000 ---p 00016000 08:02 1967367                    /lib/x86_64-linux-gnu/libnsl-2.23.so
7fccbf313000-7fccbf314000 r--p 00015000 08:02 1967367                    /lib/x86_64-linux-gnu/libnsl-2.23.so
7fccbf314000-7fccbf315000 rw-p 00016000 08:02 1967367                    /lib/x86_64-linux-gnu/libnsl-2.23.so
7fccbf315000-7fccbf317000 rw-p 00000000 00:00 0 
7fccbf317000-7fccbf31f000 r-xp 00000000 08:02 1967369                    /lib/x86_64-linux-gnu/libnss_compat-2.23.so
7fccbf31f000-7fccbf51e000 ---p 00008000 08:02 1967369                    /lib/x86_64-linux-gnu/libnss_compat-2.23.so
7fccbf51e000-7fccbf51f000 r--p 00007000 08:02 1967369                    /lib/x86_64-linux-gnu/libnss_compat-2.23.so
7fccbf51f000-7fccbf520000 rw-p 00008000 08:02 1967369                    /lib/x86_64-linux-gnu/libnss_compat-2.23.so
7fccbf520000-7fccbf54d000 r-xp 00000000 08:02 2357958                    /usr/lib/jvm/java-8-openjdk-amd64/jre/lib/amd64/libjava.so
7fccbf54d000-7fccbf74c000 ---p 0002d000 08:02 2357958                    /usr/lib/jvm/java-8-openjdk-amd64/jre/lib/amd64/libjava.so
7fccbf74c000-7fccbf74d000 r--p 0002c000 08:02 2357958                    /usr/lib/jvm/java-8-openjdk-amd64/jre/lib/amd64/libjava.so
7fccbf74d000-7fccbf74f000 rw-p 0002d000 08:02 2357958                    /usr/lib/jvm/java-8-openjdk-amd64/jre/lib/amd64/libjava.so
7fccbf74f000-7fccbf75e000 r-xp 00000000 08:02 2357959                    /usr/lib/jvm/java-8-openjdk-amd64/jre/lib/amd64/libverify.so
7fccbf75e000-7fccbf95d000 ---p 0000f000 08:02 2357959                    /usr/lib/jvm/java-8-openjdk-amd64/jre/lib/amd64/libverify.so
7fccbf95d000-7fccbf95f000 r--p 0000e000 08:02 2357959                    /usr/lib/jvm/java-8-openjdk-amd64/jre/lib/amd64/libverify.so
7fccbf95f000-7fccbf960000 rw-p 00010000 08:02 2357959                    /usr/lib/jvm/java-8-openjdk-amd64/jre/lib/amd64/libverify.so
7fccbf960000-7fccbf967000 r-xp 00000000 08:02 1967428                    /lib/x86_64-linux-gnu/librt-2.23.so
7fccbf967000-7fccbfb66000 ---p 00007000 08:02 1967428                    /lib/x86_64-linux-gnu/librt-2.23.so
7fccbfb66000-7fccbfb67000 r--p 00006000 08:02 1967428                    /lib/x86_64-linux-gnu/librt-2.23.so
7fccbfb67000-7fccbfb68000 rw-p 00007000 08:02 1967428                    /lib/x86_64-linux-gnu/librt-2.23.so
7fccbfb68000-7fccbfb7e000 r-xp 00000000 08:02 1967312                    /lib/x86_64-linux-gnu/libgcc_s.so.1
7fccbfb7e000-7fccbfd7d000 ---p 00016000 08:02 1967312                    /lib/x86_64-linux-gnu/libgcc_s.so.1
7fccbfd7d000-7fccbfd7e000 rw-p 00015000 08:02 1967312                    /lib/x86_64-linux-gnu/libgcc_s.so.1
7fccbfd7e000-7fccbfe86000 r-xp 00000000 08:02 1967344                    /lib/x86_64-linux-gnu/libm-2.23.so
7fccbfe86000-7fccc0085000 ---p 00108000 08:02 1967344                    /lib/x86_64-linux-gnu/libm-2.23.so
7fccc0085000-7fccc0086000 r--p 00107000 08:02 1967344                    /lib/x86_64-linux-gnu/libm-2.23.so
7fccc0086000-7fccc0087000 rw-p 00108000 08:02 1967344                    /lib/x86_64-linux-gnu/libm-2.23.so
7fccc0087000-7fccc01f9000 r-xp 00000000 08:02 2231822                    /usr/lib/x86_64-linux-gnu/libstdc++.so.6.0.21
7fccc01f9000-7fccc03f9000 ---p 00172000 08:02 2231822                    /usr/lib/x86_64-linux-gnu/libstdc++.so.6.0.21
7fccc03f9000-7fccc0403000 r--p 00172000 08:02 2231822                    /usr/lib/x86_64-linux-gnu/libstdc++.so.6.0.21
7fccc0403000-7fccc0405000 rw-p 0017c000 08:02 2231822                    /usr/lib/x86_64-linux-gnu/libstdc++.so.6.0.21
7fccc0405000-7fccc0409000 rw-p 00000000 00:00 0 
7fccc0409000-7fccc104f000 r-xp 00000000 08:02 2357971                    /usr/lib/jvm/java-8-openjdk-amd64/jre/lib/amd64/server/libjvm.so
7fccc104f000-7fccc124f000 ---p 00c46000 08:02 2357971                    /usr/lib/jvm/java-8-openjdk-amd64/jre/lib/amd64/server/libjvm.so
7fccc124f000-7fccc12e2000 r--p 00c46000 08:02 2357971                    /usr/lib/jvm/java-8-openjdk-amd64/jre/lib/amd64/server/libjvm.so
7fccc12e2000-7fccc130a000 rw-p 00cd9000 08:02 2357971                    /usr/lib/jvm/java-8-openjdk-amd64/jre/lib/amd64/server/libjvm.so
7fccc130a000-7fccc133a000 rw-p 00000000 00:00 0 
7fccc133a000-7fccc1352000 r-xp 00000000 08:02 1967420                    /lib/x86_64-linux-gnu/libpthread-2.23.so
7fccc1352000-7fccc1551000 ---p 00018000 08:02 1967420                    /lib/x86_64-linux-gnu/libpthread-2.23.so
7fccc1551000-7fccc1552000 r--p 00017000 08:02 1967420                    /lib/x86_64-linux-gnu/libpthread-2.23.so
7fccc1552000-7fccc1553000 rw-p 00018000 08:02 1967420                    /lib/x86_64-linux-gnu/libpthread-2.23.so
7fccc1553000-7fccc1557000 rw-p 00000000 00:00 0 
7fccc1557000-7fccc155a000 r-xp 00000000 08:02 1967298                    /lib/x86_64-linux-gnu/libdl-2.23.so
7fccc155a000-7fccc1759000 ---p 00003000 08:02 1967298                    /lib/x86_64-linux-gnu/libdl-2.23.so
7fccc1759000-7fccc175a000 r--p 00002000 08:02 1967298                    /lib/x86_64-linux-gnu/libdl-2.23.so
7fccc175a000-7fccc175b000 rw-p 00003000 08:02 1967298                    /lib/x86_64-linux-gnu/libdl-2.23.so
7fccc175b000-7fccc1774000 r-xp 00000000 08:02 1967464                    /lib/x86_64-linux-gnu/libz.so.1.2.8
7fccc1774000-7fccc1973000 ---p 00019000 08:02 1967464                    /lib/x86_64-linux-gnu/libz.so.1.2.8
7fccc1973000-7fccc1974000 r--p 00018000 08:02 1967464                    /lib/x86_64-linux-gnu/libz.so.1.2.8
7fccc1974000-7fccc1975000 rw-p 00019000 08:02 1967464                    /lib/x86_64-linux-gnu/libz.so.1.2.8
7fccc1975000-7fccc1b35000 r-xp 00000000 08:02 1967274                    /lib/x86_64-linux-gnu/libc-2.23.so
7fccc1b35000-7fccc1d34000 ---p 001c0000 08:02 1967274                    /lib/x86_64-linux-gnu/libc-2.23.so
7fccc1d34000-7fccc1d38000 r--p 001bf000 08:02 1967274                    /lib/x86_64-linux-gnu/libc-2.23.so
7fccc1d38000-7fccc1d3a000 rw-p 001c3000 08:02 1967274                    /lib/x86_64-linux-gnu/libc-2.23.so
7fccc1d3a000-7fccc1d3e000 rw-p 00000000 00:00 0 
7fccc1d3e000-7fccc1d4b000 r-xp 00000000 08:02 2357987                    /usr/lib/jvm/java-8-openjdk-amd64/jre/lib/amd64/jli/libjli.so
7fccc1d4b000-7fccc1f4b000 ---p 0000d000 08:02 2357987                    /usr/lib/jvm/java-8-openjdk-amd64/jre/lib/amd64/jli/libjli.so
7fccc1f4b000-7fccc1f4c000 r--p 0000d000 08:02 2357987                    /usr/lib/jvm/java-8-openjdk-amd64/jre/lib/amd64/jli/libjli.so
7fccc1f4c000-7fccc1f4d000 rw-p 0000e000 08:02 2357987                    /usr/lib/jvm/java-8-openjdk-amd64/jre/lib/amd64/jli/libjli.so
7fccc1f4d000-7fccc1f73000 r-xp 00000000 08:02 1967246                    /lib/x86_64-linux-gnu/ld-2.23.so
7fccc1f73000-7fccc1f77000 r--s 0002a000 08:13 40505472                   /usr2/slow/home/enerccio/.m2/repository/commons-io/commons-io/2.4/commons-io-2.4.jar
7fccc1f77000-7fccc2048000 rw-p 00000000 00:00 0 
7fccc2048000-7fccc204b000 ---p 00000000 00:00 0 
7fccc204b000-7fccc214e000 rw-p 00000000 00:00 0 
7fccc2150000-7fccc2151000 r--s 00010000 08:02 2358022                    /usr/lib/jvm/java-8-openjdk-amd64/jre/lib/ext/zipfs.jar
7fccc2151000-7fccc2154000 r--s 0000f000 08:02 2358024                    /usr/lib/jvm/java-8-openjdk-amd64/jre/lib/ext/icedtea-sound.jar
7fccc2154000-7fccc215e000 r--s 00116000 08:02 2358025                    /usr/lib/jvm/java-8-openjdk-amd64/jre/lib/ext/localedata.jar
7fccc215e000-7fccc2162000 r--s 00037000 08:02 2358026                    /usr/lib/jvm/java-8-openjdk-amd64/jre/lib/ext/sunpkcs11.jar
7fccc2162000-7fccc2163000 r--s 00008000 08:02 2358020                    /usr/lib/jvm/java-8-openjdk-amd64/jre/lib/ext/sunec.jar
7fccc2163000-7fccc2165000 r--s 00001000 08:02 2358018                    /usr/lib/jvm/java-8-openjdk-amd64/jre/lib/ext/dnsns.jar
7fccc2165000-7fccc2166000 r--s 0000a000 08:02 2358021                    /usr/lib/jvm/java-8-openjdk-amd64/jre/lib/ext/jaccess.jar
7fccc2166000-7fccc216e000 rw-s 00000000 08:02 1835311                    /tmp/hsperfdata_enerccio/2707
7fccc216e000-7fccc216f000 rw-p 00000000 00:00 0 
7fccc216f000-7fccc2170000 r--p 00000000 00:00 0 
7fccc2170000-7fccc2172000 rw-p 00000000 00:00 0 
7fccc2172000-7fccc2173000 r--p 00025000 08:02 1967246                    /lib/x86_64-linux-gnu/ld-2.23.so
7fccc2173000-7fccc2174000 rw-p 00026000 08:02 1967246                    /lib/x86_64-linux-gnu/ld-2.23.so
7fccc2174000-7fccc2175000 rw-p 00000000 00:00 0 
7ffec86e7000-7ffec8708000 rw-p 00000000 00:00 0                          [stack]
7ffec87f5000-7ffec87f7000 r--p 00000000 00:00 0                          [vvar]
7ffec87f7000-7ffec87f9000 r-xp 00000000 00:00 0                          [vdso]
ffffffffff600000-ffffffffff601000 r-xp 00000000 00:00 0                  [vsyscall]

VM Arguments:
jvm_args: -Dfile.encoding=UTF-8 
java_command: RunTest
java_class_path (initial): /usr2/slow/home/enerccio/git/pdlang-compiler/target/classes:/usr2/slow/home/enerccio/git/pdlang-parser/target/classes:/home/enerccio/.m2/repository/org/antlr/antlr4-runtime/4.5.3/antlr4-runtime-4.5.3.jar:/usr2/slow/home/enerccio/git/pdlang-tools/target/classes:/home/enerccio/.m2/repository/commons-io/commons-io/2.4/commons-io-2.4.jar:/home/enerccio/.m2/repository/org/apache/commons/commons-lang3/3.0/commons-lang3-3.0.jar:/home/enerccio/.m2/repository/org/ow2/asm/asm-all/5.1/asm-all-5.1.jar
Launcher Type: SUN_STANDARD

Environment Variables:
JAVA_HOME=/usr/lib/jvm/java-8-oracle
PATH=/opt/sts-bundle/sts-3.8.2.RELEASE/STS:/home/enerccio/bin:/home/enerccio/.local/bin:/opt/android-studio/bin:/usr/local/sbin:/usr/local/bin:/usr/sbin:/usr/bin:/sbin:/bin:/usr/games:/usr/local/games:/usr/lib/jvm/java-8-oracle/bin:/usr/lib/jvm/java-8-oracle/db/bin:/usr/lib/jvm/java-8-oracle/jre/bin
SHELL=/bin/bash
DISPLAY=:0

Signal Handlers:
SIGSEGV: [libjvm.so+0xa5e970], sa_mask[0]=11111111011111111101111111111110, sa_flags=SA_RESTART|SA_SIGINFO
SIGBUS: [libjvm.so+0xa5e970], sa_mask[0]=11111111011111111101111111111110, sa_flags=SA_RESTART|SA_SIGINFO
SIGFPE: [libjvm.so+0x8a9ff0], sa_mask[0]=11111111011111111101111111111110, sa_flags=SA_RESTART|SA_SIGINFO
SIGPIPE: [libjvm.so+0x8a9ff0], sa_mask[0]=11111111011111111101111111111110, sa_flags=SA_RESTART|SA_SIGINFO
SIGXFSZ: [libjvm.so+0x8a9ff0], sa_mask[0]=11111111011111111101111111111110, sa_flags=SA_RESTART|SA_SIGINFO
SIGILL: [libjvm.so+0x8a9ff0], sa_mask[0]=11111111011111111101111111111110, sa_flags=SA_RESTART|SA_SIGINFO
SIGUSR1: SIG_DFL, sa_mask[0]=00000000000000000000000000000000, sa_flags=none
SIGUSR2: [libjvm.so+0x8a9ea0], sa_mask[0]=00100000000000000000000000000000, sa_flags=SA_RESTART|SA_SIGINFO
SIGHUP: [libjvm.so+0x8aa370], sa_mask[0]=11111111011111111101111111111110, sa_flags=SA_RESTART|SA_SIGINFO
SIGINT: [libjvm.so+0x8aa370], sa_mask[0]=11111111011111111101111111111110, sa_flags=SA_RESTART|SA_SIGINFO
SIGTERM: [libjvm.so+0x8aa370], sa_mask[0]=11111111011111111101111111111110, sa_flags=SA_RESTART|SA_SIGINFO
SIGQUIT: [libjvm.so+0x8aa370], sa_mask[0]=11111111011111111101111111111110, sa_flags=SA_RESTART|SA_SIGINFO


---------------  S Y S T E M  ---------------

OS:DISTRIB_ID="elementary"
DISTRIB_RELEASE=0.4
DISTRIB_CODENAME=loki
DISTRIB_DESCRIPTION="elementary OS 0.4 Loki"

uname:Linux 4.4.0-38-generic #57-Ubuntu SMP Tue Sep 6 15:42:33 UTC 2016 x86_64
libc:glibc 2.23 NPTL 2.23 
rlimit: STACK 8192k, CORE 0k, NPROC 62492, NOFILE 65536, AS infinity
load average:0,63 0,47 0,43

/proc/meminfo:
MemTotal:       16245384 kB
MemFree:         3064360 kB
MemAvailable:   11426720 kB
Buffers:          777052 kB
Cached:          7385736 kB
SwapCached:         5436 kB
Active:          7506328 kB
Inactive:        4795120 kB
Active(anon):    3363308 kB
Inactive(anon):   863364 kB
Active(file):    4143020 kB
Inactive(file):  3931756 kB
Unevictable:          48 kB
Mlocked:              48 kB
SwapTotal:       1897468 kB
SwapFree:        1869812 kB
Dirty:              5456 kB
Writeback:             0 kB
AnonPages:       4133724 kB
Mapped:           345432 kB
Shmem:             88012 kB
Slab:             676780 kB
SReclaimable:     625796 kB
SUnreclaim:        50984 kB
KernelStack:       10608 kB
PageTables:        40940 kB
NFS_Unstable:          0 kB
Bounce:                0 kB
WritebackTmp:          0 kB
CommitLimit:    10020160 kB
Committed_AS:    8234964 kB
VmallocTotal:   34359738367 kB
VmallocUsed:           0 kB
VmallocChunk:          0 kB
HardwareCorrupted:     0 kB
AnonHugePages:   2304000 kB
CmaTotal:              0 kB
CmaFree:               0 kB
HugePages_Total:       0
HugePages_Free:        0
HugePages_Rsvd:        0
HugePages_Surp:        0
Hugepagesize:       2048 kB
DirectMap4k:      421432 kB
DirectMap2M:    16166912 kB
DirectMap1G:           0 kB


CPU:total 8 (4 cores per cpu, 2 threads per core) family 6 model 60 stepping 3, cmov, cx8, fxsr, mmx, sse, sse2, sse3, ssse3, sse4.1, sse4.2, popcnt, avx, avx2, aes, clmul, erms, lzcnt, ht, tsc, tscinvbit, bmi1, bmi2

/proc/cpuinfo:
processor	: 0
vendor_id	: GenuineIntel
cpu family	: 6
model		: 60
model name	: Intel(R) Core(TM) i7-4770 CPU @ 3.40GHz
stepping	: 3
microcode	: 0x1e
cpu MHz		: 3851.296
cache size	: 8192 KB
physical id	: 0
siblings	: 8
core id		: 0
cpu cores	: 4
apicid		: 0
initial apicid	: 0
fpu		: yes
fpu_exception	: yes
cpuid level	: 13
wp		: yes
flags		: fpu vme de pse tsc msr pae mce cx8 apic sep mtrr pge mca cmov pat pse36 clflush dts acpi mmx fxsr sse sse2 ss ht tm pbe syscall nx pdpe1gb rdtscp lm constant_tsc arch_perfmon pebs bts rep_good nopl xtopology nonstop_tsc aperfmperf eagerfpu pni pclmulqdq dtes64 monitor ds_cpl vmx smx est tm2 ssse3 sdbg fma cx16 xtpr pdcm pcid sse4_1 sse4_2 x2apic movbe popcnt tsc_deadline_timer aes xsave avx f16c rdrand lahf_lm abm tpr_shadow vnmi flexpriority ept vpid fsgsbase tsc_adjust bmi1 avx2 smep bmi2 erms invpcid xsaveopt dtherm ida arat pln pts
bugs		:
bogomips	: 6784.85
clflush size	: 64
cache_alignment	: 64
address sizes	: 39 bits physical, 48 bits virtual
power management:

processor	: 1
vendor_id	: GenuineIntel
cpu family	: 6
model		: 60
model name	: Intel(R) Core(TM) i7-4770 CPU @ 3.40GHz
stepping	: 3
microcode	: 0x1e
cpu MHz		: 3709.984
cache size	: 8192 KB
physical id	: 0
siblings	: 8
core id		: 1
cpu cores	: 4
apicid		: 2
initial apicid	: 2
fpu		: yes
fpu_exception	: yes
cpuid level	: 13
wp		: yes
flags		: fpu vme de pse tsc msr pae mce cx8 apic sep mtrr pge mca cmov pat pse36 clflush dts acpi mmx fxsr sse sse2 ss ht tm pbe syscall nx pdpe1gb rdtscp lm constant_tsc arch_perfmon pebs bts rep_good nopl xtopology nonstop_tsc aperfmperf eagerfpu pni pclmulqdq dtes64 monitor ds_cpl vmx smx est tm2 ssse3 sdbg fma cx16 xtpr pdcm pcid sse4_1 sse4_2 x2apic movbe popcnt tsc_deadline_timer aes xsave avx f16c rdrand lahf_lm abm tpr_shadow vnmi flexpriority ept vpid fsgsbase tsc_adjust bmi1 avx2 smep bmi2 erms invpcid xsaveopt dtherm ida arat pln pts
bugs		:
bogomips	: 6784.85
clflush size	: 64
cache_alignment	: 64
address sizes	: 39 bits physical, 48 bits virtual
power management:

processor	: 2
vendor_id	: GenuineIntel
cpu family	: 6
model		: 60
model name	: Intel(R) Core(TM) i7-4770 CPU @ 3.40GHz
stepping	: 3
microcode	: 0x1e
cpu MHz		: 3699.890
cache size	: 8192 KB
physical id	: 0
siblings	: 8
core id		: 2
cpu cores	: 4
apicid		: 4
initial apicid	: 4
fpu		: yes
fpu_exception	: yes
cpuid level	: 13
wp		: yes
flags		: fpu vme de pse tsc msr pae mce cx8 apic sep mtrr pge mca cmov pat pse36 clflush dts acpi mmx fxsr sse sse2 ss ht tm pbe syscall nx pdpe1gb rdtscp lm constant_tsc arch_perfmon pebs bts rep_good nopl xtopology nonstop_tsc aperfmperf eagerfpu pni pclmulqdq dtes64 monitor ds_cpl vmx smx est tm2 ssse3 sdbg fma cx16 xtpr pdcm pcid sse4_1 sse4_2 x2apic movbe popcnt tsc_deadline_timer aes xsave avx f16c rdrand lahf_lm abm tpr_shadow vnmi flexpriority ept vpid fsgsbase tsc_adjust bmi1 avx2 smep bmi2 erms invpcid xsaveopt dtherm ida arat pln pts
bugs		:
bogomips	: 6784.85
clflush size	: 64
cache_alignment	: 64
address sizes	: 39 bits physical, 48 bits virtual
power management:

processor	: 3
vendor_id	: GenuineIntel
cpu family	: 6
model		: 60
model name	: Intel(R) Core(TM) i7-4770 CPU @ 3.40GHz
stepping	: 3
microcode	: 0x1e
cpu MHz		: 3709.453
cache size	: 8192 KB
physical id	: 0
siblings	: 8
core id		: 3
cpu cores	: 4
apicid		: 6
initial apicid	: 6
fpu		: yes
fpu_exception	: yes
cpuid level	: 13
wp		: yes
flags		: fpu vme de pse tsc msr pae mce cx8 apic sep mtrr pge mca cmov pat pse36 clflush dts acpi mmx fxsr sse sse2 ss ht tm pbe syscall nx pdpe1gb rdtscp lm constant_tsc arch_perfmon pebs bts rep_good nopl xtopology nonstop_tsc aperfmperf eagerfpu pni pclmulqdq dtes64 monitor ds_cpl vmx smx est tm2 ssse3 sdbg fma cx16 xtpr pdcm pcid sse4_1 sse4_2 x2apic movbe popcnt tsc_deadline_timer aes xsave avx f16c rdrand lahf_lm abm tpr_shadow vnmi flexpriority ept vpid fsgsbase tsc_adjust bmi1 avx2 smep bmi2 erms invpcid xsaveopt dtherm ida arat pln pts
bugs		:
bogomips	: 6784.85
clflush size	: 64
cache_alignment	: 64
address sizes	: 39 bits physical, 48 bits virtual
power management:

processor	: 4
vendor_id	: GenuineIntel
cpu family	: 6
model		: 60
model name	: Intel(R) Core(TM) i7-4770 CPU @ 3.40GHz
stepping	: 3
microcode	: 0x1e
cpu MHz		: 3789.804
cache size	: 8192 KB
physical id	: 0
siblings	: 8
core id		: 0
cpu cores	: 4
apicid		: 1
initial apicid	: 1
fpu		: yes
fpu_exception	: yes
cpuid level	: 13
wp		: yes
flags		: fpu vme de pse tsc msr pae mce cx8 apic sep mtrr pge mca cmov pat pse36 clflush dts acpi mmx fxsr sse sse2 ss ht tm pbe syscall nx pdpe1gb rdtscp lm constant_tsc arch_perfmon pebs bts rep_good nopl xtopology nonstop_tsc aperfmperf eagerfpu pni pclmulqdq dtes64 monitor ds_cpl vmx smx est tm2 ssse3 sdbg fma cx16 xtpr pdcm pcid sse4_1 sse4_2 x2apic movbe popcnt tsc_deadline_timer aes xsave avx f16c rdrand lahf_lm abm tpr_shadow vnmi flexpriority ept vpid fsgsbase tsc_adjust bmi1 avx2 smep bmi2 erms invpcid xsaveopt dtherm ida arat pln pts
bugs		:
bogomips	: 6784.85
clflush size	: 64
cache_alignment	: 64
address sizes	: 39 bits physical, 48 bits virtual
power management:

processor	: 5
vendor_id	: GenuineIntel
cpu family	: 6
model		: 60
model name	: Intel(R) Core(TM) i7-4770 CPU @ 3.40GHz
stepping	: 3
microcode	: 0x1e
cpu MHz		: 3704.671
cache size	: 8192 KB
physical id	: 0
siblings	: 8
core id		: 1
cpu cores	: 4
apicid		: 3
initial apicid	: 3
fpu		: yes
fpu_exception	: yes
cpuid level	: 13
wp		: yes
flags		: fpu vme de pse tsc msr pae mce cx8 apic sep mtrr pge mca cmov pat pse36 clflush dts acpi mmx fxsr sse sse2 ss ht tm pbe syscall nx pdpe1gb rdtscp lm constant_tsc arch_perfmon pebs bts rep_good nopl xtopology nonstop_tsc aperfmperf eagerfpu pni pclmulqdq dtes64 monitor ds_cpl vmx smx est tm2 ssse3 sdbg fma cx16 xtpr pdcm pcid sse4_1 sse4_2 x2apic movbe popcnt tsc_deadline_timer aes xsave avx f16c rdrand lahf_lm abm tpr_shadow vnmi flexpriority ept vpid fsgsbase tsc_adjust bmi1 avx2 smep bmi2 erms invpcid xsaveopt dtherm ida arat pln pts
bugs		:
bogomips	: 6784.85
clflush size	: 64
cache_alignment	: 64
address sizes	: 39 bits physical, 48 bits virtual
power management:

processor	: 6
vendor_id	: GenuineIntel
cpu family	: 6
model		: 60
model name	: Intel(R) Core(TM) i7-4770 CPU @ 3.40GHz
stepping	: 3
microcode	: 0x1e
cpu MHz		: 3705.335
cache size	: 8192 KB
physical id	: 0
siblings	: 8
core id		: 2
cpu cores	: 4
apicid		: 5
initial apicid	: 5
fpu		: yes
fpu_exception	: yes
cpuid level	: 13
wp		: yes
flags		: fpu vme de pse tsc msr pae mce cx8 apic sep mtrr pge mca cmov pat pse36 clflush dts acpi mmx fxsr sse sse2 ss ht tm pbe syscall nx pdpe1gb rdtscp lm constant_tsc arch_perfmon pebs bts rep_good nopl xtopology nonstop_tsc aperfmperf eagerfpu pni pclmulqdq dtes64 monitor ds_cpl vmx smx est tm2 ssse3 sdbg fma cx16 xtpr pdcm pcid sse4_1 sse4_2 x2apic movbe popcnt tsc_deadline_timer aes xsave avx f16c rdrand lahf_lm abm tpr_shadow vnmi flexpriority ept vpid fsgsbase tsc_adjust bmi1 avx2 smep bmi2 erms invpcid xsaveopt dtherm ida arat pln pts
bugs		:
bogomips	: 6784.85
clflush size	: 64
cache_alignment	: 64
address sizes	: 39 bits physical, 48 bits virtual
power management:

processor	: 7
vendor_id	: GenuineIntel
cpu family	: 6
model		: 60
model name	: Intel(R) Core(TM) i7-4770 CPU @ 3.40GHz
stepping	: 3
microcode	: 0x1e
cpu MHz		: 3700.289
cache size	: 8192 KB
physical id	: 0
siblings	: 8
core id		: 3
cpu cores	: 4
apicid		: 7
initial apicid	: 7
fpu		: yes
fpu_exception	: yes
cpuid level	: 13
wp		: yes
flags		: fpu vme de pse tsc msr pae mce cx8 apic sep mtrr pge mca cmov pat pse36 clflush dts acpi mmx fxsr sse sse2 ss ht tm pbe syscall nx pdpe1gb rdtscp lm constant_tsc arch_perfmon pebs bts rep_good nopl xtopology nonstop_tsc aperfmperf eagerfpu pni pclmulqdq dtes64 monitor ds_cpl vmx smx est tm2 ssse3 sdbg fma cx16 xtpr pdcm pcid sse4_1 sse4_2 x2apic movbe popcnt tsc_deadline_timer aes xsave avx f16c rdrand lahf_lm abm tpr_shadow vnmi flexpriority ept vpid fsgsbase tsc_adjust bmi1 avx2 smep bmi2 erms invpcid xsaveopt dtherm ida arat pln pts
bugs		:
bogomips	: 6784.85
clflush size	: 64
cache_alignment	: 64
address sizes	: 39 bits physical, 48 bits virtual
power management:



Memory: 4k page, physical 16245384k(3064360k free), swap 1897468k(1869812k free)

vm_info: OpenJDK 64-Bit Server VM (25.91-b14) for linux-amd64 JRE (1.8.0_91-8u91-b14-3ubuntu1~16.04.1-b14), built on Jul 21 2016 04:13:34 by "buildd" with gcc 5.3.1 20160413

time: Tue Oct 25 23:06:40 2016
elapsed time: 0 seconds (0d 0h 0m 0s)

