#
# A fatal error has been detected by the Java Runtime Environment:
#
#  Internal Error (signature.cpp:120), pid=2403, tid=140638856226560
#  Error: ShouldNotReachHere()
#
# JRE version: OpenJDK Runtime Environment (8.0_91-b14) (build 1.8.0_91-8u91-b14-3ubuntu1~16.04.1-b14)
# Java VM: OpenJDK 64-Bit Server VM (25.91-b14 mixed mode linux-amd64 compressed oops)
# Failed to write core dump. Core dumps have been disabled. To enable core dumping, try "ulimit -c unlimited" before starting Java again
#
# If you would like to submit a bug report, please visit:
#   http://bugreport.java.com/bugreport/crash.jsp
#

---------------  T H R E A D  ---------------

Current thread (0x00007fe90000d800):  JavaThread "main" [_thread_in_vm, id=2409, stack(0x00007fe909012000,0x00007fe909113000)]

Stack: [0x00007fe909012000,0x00007fe909113000],  sp=0x00007fe909110540,  free space=1017k
Native frames: (J=compiled Java code, j=interpreted, Vv=VM code, C=native code)
V  [libjvm.so+0xa5de1b]
V  [libjvm.so+0x4c18bd]
V  [libjvm.so+0x97741c]
V  [libjvm.so+0x424d42]
V  [libjvm.so+0x42541f]
V  [libjvm.so+0x42716f]
V  [libjvm.so+0x9cd434]
V  [libjvm.so+0x6a08af]
V  [libjvm.so+0x6a1c8c]  JVM_DefineClassWithSource+0xbc
C  [libjava.so+0xec45]  Java_java_lang_ClassLoader_defineClass1+0x205
j  java.lang.ClassLoader.defineClass1(Ljava/lang/String;[BIILjava/security/ProtectionDomain;Ljava/lang/String;)Ljava/lang/Class;+0
j  java.lang.ClassLoader.defineClass(Ljava/lang/String;[BIILjava/security/ProtectionDomain;)Ljava/lang/Class;+27
j  java.lang.ClassLoader.defineClass(Ljava/lang/String;[BII)Ljava/lang/Class;+7
j  cz.upol.prf.vanusanik.pdlang.cl.PDLangClassLoader.getInvoker(Ljava/lang/String;)Ljava/lang/Class;+49
j  cz.upol.prf.vanusanik.pdlang.cl.PDLangClassLoader.getPDLangObject(Ljava/lang/String;)Ljava/lang/Class;+15
j  cz.upol.prf.vanusanik.pdlang.cl.PDLangClassLoader.findClass(Ljava/lang/String;)Ljava/lang/Class;+15
j  java.lang.ClassLoader.loadClass(Ljava/lang/String;Z)Ljava/lang/Class;+70
j  java.lang.ClassLoader.loadClass(Ljava/lang/String;)Ljava/lang/Class;+3
j  RunTest.main([Ljava/lang/String;)V+98
v  ~StubRoutines::call_stub
V  [libjvm.so+0x65effb]
V  [libjvm.so+0x680d3e]
V  [libjvm.so+0x68366f]
C  [libjli.so+0x353f]
C  [libjli.so+0x73cd]
C  [libpthread.so.0+0x76fa]  start_thread+0xca

Java frames: (J=compiled Java code, j=interpreted, Vv=VM code)
j  java.lang.ClassLoader.defineClass1(Ljava/lang/String;[BIILjava/security/ProtectionDomain;Ljava/lang/String;)Ljava/lang/Class;+0
j  java.lang.ClassLoader.defineClass(Ljava/lang/String;[BIILjava/security/ProtectionDomain;)Ljava/lang/Class;+27
j  java.lang.ClassLoader.defineClass(Ljava/lang/String;[BII)Ljava/lang/Class;+7
j  cz.upol.prf.vanusanik.pdlang.cl.PDLangClassLoader.getInvoker(Ljava/lang/String;)Ljava/lang/Class;+49
j  cz.upol.prf.vanusanik.pdlang.cl.PDLangClassLoader.getPDLangObject(Ljava/lang/String;)Ljava/lang/Class;+15
j  cz.upol.prf.vanusanik.pdlang.cl.PDLangClassLoader.findClass(Ljava/lang/String;)Ljava/lang/Class;+15
j  java.lang.ClassLoader.loadClass(Ljava/lang/String;Z)Ljava/lang/Class;+70
j  java.lang.ClassLoader.loadClass(Ljava/lang/String;)Ljava/lang/Class;+3
j  RunTest.main([Ljava/lang/String;)V+98
v  ~StubRoutines::call_stub

---------------  P R O C E S S  ---------------

Java Threads: ( => current thread )
  0x00007fe9000de800 JavaThread "Service Thread" daemon [_thread_blocked, id=2435, stack(0x00007fe8e75f3000,0x00007fe8e76f4000)]
  0x00007fe9000d1800 JavaThread "C1 CompilerThread3" daemon [_thread_blocked, id=2434, stack(0x00007fe8e76f4000,0x00007fe8e77f5000)]
  0x00007fe9000cf800 JavaThread "C2 CompilerThread2" daemon [_thread_blocked, id=2433, stack(0x00007fe8e77f5000,0x00007fe8e78f6000)]
  0x00007fe9000cd800 JavaThread "C2 CompilerThread1" daemon [_thread_blocked, id=2432, stack(0x00007fe8e78f6000,0x00007fe8e79f7000)]
  0x00007fe9000ca800 JavaThread "C2 CompilerThread0" daemon [_thread_blocked, id=2431, stack(0x00007fe8e79f7000,0x00007fe8e7af8000)]
  0x00007fe89c001000 JavaThread "JDWP Command Reader" daemon [_thread_in_native, id=2427, stack(0x00007fe8e7af8000,0x00007fe8e7bf9000)]
  0x00007fe9000c8800 JavaThread "JDWP Event Helper Thread" daemon [_thread_blocked, id=2425, stack(0x00007fe8e7bf9000,0x00007fe8e7cfa000)]
  0x00007fe9000c5000 JavaThread "JDWP Transport Listener: dt_socket" daemon [_thread_blocked, id=2423, stack(0x00007fe8e7cfa000,0x00007fe8e7dfb000)]
  0x00007fe9000b5800 JavaThread "Signal Dispatcher" daemon [_thread_blocked, id=2421, stack(0x00007fe8ec024000,0x00007fe8ec125000)]
  0x00007fe90008f000 JavaThread "Finalizer" daemon [_thread_blocked, id=2420, stack(0x00007fe8ec125000,0x00007fe8ec226000)]
  0x00007fe90008a800 JavaThread "Reference Handler" daemon [_thread_blocked, id=2419, stack(0x00007fe8ec226000,0x00007fe8ec327000)]
=>0x00007fe90000d800 JavaThread "main" [_thread_in_vm, id=2409, stack(0x00007fe909012000,0x00007fe909113000)]

Other Threads:
  0x00007fe900083000 VMThread [stack: 0x00007fe8ec327000,0x00007fe8ec428000] [id=2418]
  0x00007fe9000e1000 WatcherThread [stack: 0x00007fe8e74f2000,0x00007fe8e75f3000] [id=2436]

VM state:synchronizing (normal execution)

VM Mutex/Monitor currently owned by a thread:  ([mutex/lock_event])
[0x00007fe900009aa0] Threads_lock - owner thread: 0x00007fe900083000

Heap:
 PSYoungGen      total 74240K, used 5120K [0x000000076d580000, 0x0000000772800000, 0x00000007c0000000)
  eden space 64000K, 8% used [0x000000076d580000,0x000000076da80060,0x0000000771400000)
  from space 10240K, 0% used [0x0000000771e00000,0x0000000771e00000,0x0000000772800000)
  to   space 10240K, 0% used [0x0000000771400000,0x0000000771400000,0x0000000771e00000)
 ParOldGen       total 169472K, used 0K [0x00000006c8000000, 0x00000006d2580000, 0x000000076d580000)
  object space 169472K, 0% used [0x00000006c8000000,0x00000006c8000000,0x00000006d2580000)
 Metaspace       used 3327K, capacity 4862K, committed 5120K, reserved 1056768K
  class space    used 333K, capacity 426K, committed 512K, reserved 1048576K

Card table byte_map: [0x00007fe8efe58000,0x00007fe8f0619000] byte_map_base: 0x00007fe8ec818000

Marking Bits: (ParMarkBitMap*) 0x00007fe9082e7fc0
 Begin Bits: [0x00007fe8b0400000, 0x00007fe8b4200000)
 End Bits:   [0x00007fe8b4200000, 0x00007fe8b8000000)

Polling page: 0x00007fe909139000

CodeCache: size=245760Kb used=1305Kb max_used=1305Kb free=244454Kb
 bounds [0x00007fe8f09d9000, 0x00007fe8f0c49000, 0x00007fe8ff9d9000]
 total_blobs=340 nmethods=107 adapters=156
 compilation: enabled

Compilation events (10 events):
Event: 10,069 Thread 0x00007fe9000d1800 nmethod 103 0x00007fe8f0b1e650 code [0x00007fe8f0b1e8c0, 0x00007fe8f0b1f8f8]
Event: 10,069 Thread 0x00007fe9000d1800  104       3       java.util.BitSet::wordIndex (5 bytes)
Event: 10,069 Thread 0x00007fe9000d1800 nmethod 104 0x00007fe8f0ad8a10 code [0x00007fe8f0ad8b60, 0x00007fe8f0ad8c90]
Event: 10,069 Thread 0x00007fe9000d1800  105       3       java.util.BitSet::checkInvariants (111 bytes)
Event: 10,069 Thread 0x00007fe9000d1800 nmethod 105 0x00007fe8f0b19d50 code [0x00007fe8f0b19ec0, 0x00007fe8f0b1a050]
Event: 14,507 Thread 0x00007fe9000d1800  106       1       java.security.ProtectionDomain::getCodeSource (5 bytes)
Event: 14,507 Thread 0x00007fe9000d1800 nmethod 106 0x00007fe8f0b19a90 code [0x00007fe8f0b19be0, 0x00007fe8f0b19cf0]
Event: 50,584 Thread 0x00007fe9000d1800  107       3       java.util.concurrent.ConcurrentHashMap::putIfAbsent (8 bytes)
Event: 50,584 Thread 0x00007fe9000d1800 nmethod 107 0x00007fe8f0b19650 code [0x00007fe8f0b197c0, 0x00007fe8f0b199e8]
Event: 54,352 Thread 0x00007fe9000d1800  109       3       java.lang.StringCoding::access$000 (6 bytes)

GC Heap History (0 events):
No events

Deoptimization events (0 events):
No events

Internal exceptions (2 events):
Event: 0,012 Thread 0x00007fe90000d800 Exception <a 'java/lang/NoSuchMethodError': Method sun.misc.Unsafe.defineClass(Ljava/lang/String;[BII)Ljava/lang/Class; name or signature does not match> (0x000000076d587cc0) thrown at [/build/openjdk-8-W1Ghxo/openjdk-8-8u91-b14/src/hotspot/src/share/vm/p
Event: 0,012 Thread 0x00007fe90000d800 Exception <a 'java/lang/NoSuchMethodError': Method sun.misc.Unsafe.prefetchRead(Ljava/lang/Object;J)V name or signature does not match> (0x000000076d587fa8) thrown at [/build/openjdk-8-W1Ghxo/openjdk-8-8u91-b14/src/hotspot/src/share/vm/prims/jni.cpp, line

Events (10 events):
Event: 53,976 Executing VM operation: GetOrSetLocal
Event: 53,976 Executing VM operation: GetOrSetLocal done
Event: 53,976 Executing VM operation: GetOrSetLocal
Event: 53,976 Executing VM operation: GetOrSetLocal done
Event: 53,976 Executing VM operation: GetOrSetLocal
Event: 53,976 Executing VM operation: GetOrSetLocal done
Event: 53,976 Executing VM operation: GetOrSetLocal
Event: 53,976 Executing VM operation: GetOrSetLocal done
Event: 53,977 Executing VM operation: GetOrSetLocal
Event: 53,977 Executing VM operation: GetOrSetLocal done


Dynamic libraries:
00400000-00401000 r-xp 00000000 08:02 2357941                            /usr/lib/jvm/java-8-openjdk-amd64/jre/bin/java
00600000-00601000 r--p 00000000 08:02 2357941                            /usr/lib/jvm/java-8-openjdk-amd64/jre/bin/java
00601000-00602000 rw-p 00001000 08:02 2357941                            /usr/lib/jvm/java-8-openjdk-amd64/jre/bin/java
00685000-006a6000 rw-p 00000000 00:00 0                                  [heap]
6c8000000-6d2580000 rw-p 00000000 00:00 0 
6d2580000-76d580000 ---p 00000000 00:00 0 
76d580000-772800000 rw-p 00000000 00:00 0 
772800000-7c0000000 ---p 00000000 00:00 0 
7c0000000-7c0080000 rw-p 00000000 00:00 0 
7c0080000-800000000 ---p 00000000 00:00 0 
7fe87c000000-7fe87c021000 rw-p 00000000 00:00 0 
7fe87c021000-7fe880000000 ---p 00000000 00:00 0 
7fe884000000-7fe884164000 rw-p 00000000 00:00 0 
7fe884164000-7fe888000000 ---p 00000000 00:00 0 
7fe888000000-7fe888021000 rw-p 00000000 00:00 0 
7fe888021000-7fe88c000000 ---p 00000000 00:00 0 
7fe88c000000-7fe88c021000 rw-p 00000000 00:00 0 
7fe88c021000-7fe890000000 ---p 00000000 00:00 0 
7fe890000000-7fe890022000 rw-p 00000000 00:00 0 
7fe890022000-7fe894000000 ---p 00000000 00:00 0 
7fe894000000-7fe894021000 rw-p 00000000 00:00 0 
7fe894021000-7fe898000000 ---p 00000000 00:00 0 
7fe898000000-7fe89806f000 rw-p 00000000 00:00 0 
7fe89806f000-7fe89c000000 ---p 00000000 00:00 0 
7fe89c000000-7fe89c021000 rw-p 00000000 00:00 0 
7fe89c021000-7fe8a0000000 ---p 00000000 00:00 0 
7fe8a0000000-7fe8a0021000 rw-p 00000000 00:00 0 
7fe8a0021000-7fe8a4000000 ---p 00000000 00:00 0 
7fe8a4000000-7fe8a4021000 rw-p 00000000 00:00 0 
7fe8a4021000-7fe8a8000000 ---p 00000000 00:00 0 
7fe8a8000000-7fe8a8021000 rw-p 00000000 00:00 0 
7fe8a8021000-7fe8ac000000 ---p 00000000 00:00 0 
7fe8ac000000-7fe8ac021000 rw-p 00000000 00:00 0 
7fe8ac021000-7fe8b0000000 ---p 00000000 00:00 0 
7fe8b0400000-7fe8b8000000 rw-p 00000000 00:00 0 
7fe8b8000000-7fe8b8021000 rw-p 00000000 00:00 0 
7fe8b8021000-7fe8bc000000 ---p 00000000 00:00 0 
7fe8bc000000-7fe8bc021000 rw-p 00000000 00:00 0 
7fe8bc021000-7fe8c0000000 ---p 00000000 00:00 0 
7fe8c0000000-7fe8c0021000 rw-p 00000000 00:00 0 
7fe8c0021000-7fe8c4000000 ---p 00000000 00:00 0 
7fe8c4000000-7fe8c4021000 rw-p 00000000 00:00 0 
7fe8c4021000-7fe8c8000000 ---p 00000000 00:00 0 
7fe8c8000000-7fe8c8021000 rw-p 00000000 00:00 0 
7fe8c8021000-7fe8cc000000 ---p 00000000 00:00 0 
7fe8d0000000-7fe8d0021000 rw-p 00000000 00:00 0 
7fe8d0021000-7fe8d4000000 ---p 00000000 00:00 0 
7fe8d8000000-7fe8d8021000 rw-p 00000000 00:00 0 
7fe8d8021000-7fe8dc000000 ---p 00000000 00:00 0 
7fe8e0000000-7fe8e0021000 rw-p 00000000 00:00 0 
7fe8e0021000-7fe8e4000000 ---p 00000000 00:00 0 
7fe8e74cc000-7fe8e74d1000 r--s 00038000 08:13 40633351                   /usr2/slow/home/enerccio/.m2/repository/org/ow2/asm/asm-all/5.1/asm-all-5.1.jar
7fe8e74d1000-7fe8e74d6000 r--s 00046000 08:13 40633378                   /usr2/slow/home/enerccio/.m2/repository/org/apache/commons/commons-lang3/3.0/commons-lang3-3.0.jar
7fe8e74d6000-7fe8e74f2000 r--s 00393000 08:02 2358019                    /usr/lib/jvm/java-8-openjdk-amd64/jre/lib/ext/cldrdata.jar
7fe8e74f2000-7fe8e74f3000 ---p 00000000 00:00 0 
7fe8e74f3000-7fe8e75f3000 rw-p 00000000 00:00 0 
7fe8e75f3000-7fe8e75f6000 ---p 00000000 00:00 0 
7fe8e75f6000-7fe8e76f4000 rw-p 00000000 00:00 0 
7fe8e76f4000-7fe8e76f7000 ---p 00000000 00:00 0 
7fe8e76f7000-7fe8e77f5000 rw-p 00000000 00:00 0 
7fe8e77f5000-7fe8e77f8000 ---p 00000000 00:00 0 
7fe8e77f8000-7fe8e78f6000 rw-p 00000000 00:00 0 
7fe8e78f6000-7fe8e78f9000 ---p 00000000 00:00 0 
7fe8e78f9000-7fe8e79f7000 rw-p 00000000 00:00 0 
7fe8e79f7000-7fe8e79fa000 ---p 00000000 00:00 0 
7fe8e79fa000-7fe8e7af8000 rw-p 00000000 00:00 0 
7fe8e7af8000-7fe8e7afb000 ---p 00000000 00:00 0 
7fe8e7afb000-7fe8e7bf9000 rw-p 00000000 00:00 0 
7fe8e7bf9000-7fe8e7bfc000 ---p 00000000 00:00 0 
7fe8e7bfc000-7fe8e7cfa000 rw-p 00000000 00:00 0 
7fe8e7cfa000-7fe8e7cfd000 ---p 00000000 00:00 0 
7fe8e7cfd000-7fe8e7dfb000 rw-p 00000000 00:00 0 
7fe8e7dfb000-7fe8e7dff000 r-xp 00000000 08:02 2357984                    /usr/lib/jvm/java-8-openjdk-amd64/jre/lib/amd64/libdt_socket.so
7fe8e7dff000-7fe8e7ffe000 ---p 00004000 08:02 2357984                    /usr/lib/jvm/java-8-openjdk-amd64/jre/lib/amd64/libdt_socket.so
7fe8e7ffe000-7fe8e7fff000 r--p 00003000 08:02 2357984                    /usr/lib/jvm/java-8-openjdk-amd64/jre/lib/amd64/libdt_socket.so
7fe8e7fff000-7fe8e8000000 rw-p 00004000 08:02 2357984                    /usr/lib/jvm/java-8-openjdk-amd64/jre/lib/amd64/libdt_socket.so
7fe8e8000000-7fe8e8021000 rw-p 00000000 00:00 0 
7fe8e8021000-7fe8ec000000 ---p 00000000 00:00 0 
7fe8ec003000-7fe8ec009000 r--s 00044000 08:13 40894495                   /usr2/slow/home/enerccio/.m2/repository/org/antlr/antlr4-runtime/4.5.3/antlr4-runtime-4.5.3.jar
7fe8ec009000-7fe8ec024000 r--s 001d7000 08:02 2358017                    /usr/lib/jvm/java-8-openjdk-amd64/jre/lib/ext/nashorn.jar
7fe8ec024000-7fe8ec027000 ---p 00000000 00:00 0 
7fe8ec027000-7fe8ec125000 rw-p 00000000 00:00 0 
7fe8ec125000-7fe8ec128000 ---p 00000000 00:00 0 
7fe8ec128000-7fe8ec226000 rw-p 00000000 00:00 0 
7fe8ec226000-7fe8ec229000 ---p 00000000 00:00 0 
7fe8ec229000-7fe8ec327000 rw-p 00000000 00:00 0 
7fe8ec327000-7fe8ec328000 ---p 00000000 00:00 0 
7fe8ec328000-7fe8ee098000 rw-p 00000000 00:00 0 
7fe8ee098000-7fe8ee266000 r--s 03beb000 08:02 2358005                    /usr/lib/jvm/java-8-openjdk-amd64/jre/lib/rt.jar
7fe8ee266000-7fe8ee6e6000 rw-p 00000000 00:00 0 
7fe8ee6e6000-7fe8eea66000 ---p 00000000 00:00 0 
7fe8eea66000-7fe8ef226000 rw-p 00000000 00:00 0 
7fe8ef226000-7fe8ef227000 ---p 00000000 00:00 0 
7fe8ef227000-7fe8ef327000 rw-p 00000000 00:00 0 
7fe8ef327000-7fe8ef328000 ---p 00000000 00:00 0 
7fe8ef328000-7fe8ef428000 rw-p 00000000 00:00 0 
7fe8ef428000-7fe8ef429000 ---p 00000000 00:00 0 
7fe8ef429000-7fe8ef529000 rw-p 00000000 00:00 0 
7fe8ef529000-7fe8ef52a000 ---p 00000000 00:00 0 
7fe8ef52a000-7fe8ef62a000 rw-p 00000000 00:00 0 
7fe8ef62a000-7fe8ef62b000 ---p 00000000 00:00 0 
7fe8ef62b000-7fe8ef72b000 rw-p 00000000 00:00 0 
7fe8ef72b000-7fe8ef72c000 ---p 00000000 00:00 0 
7fe8ef72c000-7fe8ef82c000 rw-p 00000000 00:00 0 
7fe8ef82c000-7fe8ef82d000 ---p 00000000 00:00 0 
7fe8ef82d000-7fe8ef980000 rw-p 00000000 00:00 0 
7fe8ef980000-7fe8efe58000 ---p 00000000 00:00 0 
7fe8efe58000-7fe8efeab000 rw-p 00000000 00:00 0 
7fe8efeab000-7fe8f0382000 ---p 00000000 00:00 0 
7fe8f0382000-7fe8f03ac000 rw-p 00000000 00:00 0 
7fe8f03ac000-7fe8f0618000 ---p 00000000 00:00 0 
7fe8f0618000-7fe8f0623000 rw-p 00000000 00:00 0 
7fe8f0623000-7fe8f09d9000 ---p 00000000 00:00 0 
7fe8f09d9000-7fe8f0c49000 rwxp 00000000 00:00 0 
7fe8f0c49000-7fe8ff9d9000 ---p 00000000 00:00 0 
7fe8ff9d9000-7fe8ff9e1000 r-xp 00000000 08:02 2357973                    /usr/lib/jvm/java-8-openjdk-amd64/jre/lib/amd64/libzip.so
7fe8ff9e1000-7fe8ffbe0000 ---p 00008000 08:02 2357973                    /usr/lib/jvm/java-8-openjdk-amd64/jre/lib/amd64/libzip.so
7fe8ffbe0000-7fe8ffbe1000 r--p 00007000 08:02 2357973                    /usr/lib/jvm/java-8-openjdk-amd64/jre/lib/amd64/libzip.so
7fe8ffbe1000-7fe8ffbe2000 rw-p 00008000 08:02 2357973                    /usr/lib/jvm/java-8-openjdk-amd64/jre/lib/amd64/libzip.so
7fe8ffbe2000-7fe8ffbed000 r-xp 00000000 08:02 1967373                    /lib/x86_64-linux-gnu/libnss_files-2.23.so
7fe8ffbed000-7fe8ffdec000 ---p 0000b000 08:02 1967373                    /lib/x86_64-linux-gnu/libnss_files-2.23.so
7fe8ffdec000-7fe8ffded000 r--p 0000a000 08:02 1967373                    /lib/x86_64-linux-gnu/libnss_files-2.23.so
7fe8ffded000-7fe8ffdee000 rw-p 0000b000 08:02 1967373                    /lib/x86_64-linux-gnu/libnss_files-2.23.so
7fe8ffdee000-7fe8ffdf4000 rw-p 00000000 00:00 0 
7fe8ffdf4000-7fe8ffdff000 r-xp 00000000 08:02 1967383                    /lib/x86_64-linux-gnu/libnss_nis-2.23.so
7fe8ffdff000-7fe8ffffe000 ---p 0000b000 08:02 1967383                    /lib/x86_64-linux-gnu/libnss_nis-2.23.so
7fe8ffffe000-7fe8fffff000 r--p 0000a000 08:02 1967383                    /lib/x86_64-linux-gnu/libnss_nis-2.23.so
7fe8fffff000-7fe900000000 rw-p 0000b000 08:02 1967383                    /lib/x86_64-linux-gnu/libnss_nis-2.23.so
7fe900000000-7fe900224000 rw-p 00000000 00:00 0 
7fe900224000-7fe904000000 ---p 00000000 00:00 0 
7fe904002000-7fe904007000 r--s 0003b000 08:02 2358023                    /usr/lib/jvm/java-8-openjdk-amd64/jre/lib/ext/sunjce_provider.jar
7fe904007000-7fe90409e000 rw-p 00000000 00:00 0 
7fe90409e000-7fe90409f000 ---p 00000000 00:00 0 
7fe90409f000-7fe90419f000 rw-p 00000000 00:00 0 
7fe90419f000-7fe9041b5000 r-xp 00000000 08:02 1967367                    /lib/x86_64-linux-gnu/libnsl-2.23.so
7fe9041b5000-7fe9043b4000 ---p 00016000 08:02 1967367                    /lib/x86_64-linux-gnu/libnsl-2.23.so
7fe9043b4000-7fe9043b5000 r--p 00015000 08:02 1967367                    /lib/x86_64-linux-gnu/libnsl-2.23.so
7fe9043b5000-7fe9043b6000 rw-p 00016000 08:02 1967367                    /lib/x86_64-linux-gnu/libnsl-2.23.so
7fe9043b6000-7fe9043b8000 rw-p 00000000 00:00 0 
7fe9043b8000-7fe9043c0000 r-xp 00000000 08:02 1967369                    /lib/x86_64-linux-gnu/libnss_compat-2.23.so
7fe9043c0000-7fe9045bf000 ---p 00008000 08:02 1967369                    /lib/x86_64-linux-gnu/libnss_compat-2.23.so
7fe9045bf000-7fe9045c0000 r--p 00007000 08:02 1967369                    /lib/x86_64-linux-gnu/libnss_compat-2.23.so
7fe9045c0000-7fe9045c1000 rw-p 00008000 08:02 1967369                    /lib/x86_64-linux-gnu/libnss_compat-2.23.so
7fe9045c1000-7fe9060aa000 r--p 00000000 08:02 2227971                    /usr/lib/locale/locale-archive
7fe9060aa000-7fe9060ac000 r-xp 00000000 08:02 2357953                    /usr/lib/jvm/java-8-openjdk-amd64/jre/lib/amd64/libnpt.so
7fe9060ac000-7fe9062ac000 ---p 00002000 08:02 2357953                    /usr/lib/jvm/java-8-openjdk-amd64/jre/lib/amd64/libnpt.so
7fe9062ac000-7fe9062ad000 r--p 00002000 08:02 2357953                    /usr/lib/jvm/java-8-openjdk-amd64/jre/lib/amd64/libnpt.so
7fe9062ad000-7fe9062ae000 rw-p 00003000 08:02 2357953                    /usr/lib/jvm/java-8-openjdk-amd64/jre/lib/amd64/libnpt.so
7fe9062ae000-7fe9062e9000 r-xp 00000000 08:02 2357954                    /usr/lib/jvm/java-8-openjdk-amd64/jre/lib/amd64/libjdwp.so
7fe9062e9000-7fe9064e8000 ---p 0003b000 08:02 2357954                    /usr/lib/jvm/java-8-openjdk-amd64/jre/lib/amd64/libjdwp.so
7fe9064e8000-7fe9064e9000 r--p 0003a000 08:02 2357954                    /usr/lib/jvm/java-8-openjdk-amd64/jre/lib/amd64/libjdwp.so
7fe9064e9000-7fe9064ea000 rw-p 0003b000 08:02 2357954                    /usr/lib/jvm/java-8-openjdk-amd64/jre/lib/amd64/libjdwp.so
7fe9064ea000-7fe906517000 r-xp 00000000 08:02 2357958                    /usr/lib/jvm/java-8-openjdk-amd64/jre/lib/amd64/libjava.so
7fe906517000-7fe906716000 ---p 0002d000 08:02 2357958                    /usr/lib/jvm/java-8-openjdk-amd64/jre/lib/amd64/libjava.so
7fe906716000-7fe906717000 r--p 0002c000 08:02 2357958                    /usr/lib/jvm/java-8-openjdk-amd64/jre/lib/amd64/libjava.so
7fe906717000-7fe906719000 rw-p 0002d000 08:02 2357958                    /usr/lib/jvm/java-8-openjdk-amd64/jre/lib/amd64/libjava.so
7fe906719000-7fe906728000 r-xp 00000000 08:02 2357959                    /usr/lib/jvm/java-8-openjdk-amd64/jre/lib/amd64/libverify.so
7fe906728000-7fe906927000 ---p 0000f000 08:02 2357959                    /usr/lib/jvm/java-8-openjdk-amd64/jre/lib/amd64/libverify.so
7fe906927000-7fe906929000 r--p 0000e000 08:02 2357959                    /usr/lib/jvm/java-8-openjdk-amd64/jre/lib/amd64/libverify.so
7fe906929000-7fe90692a000 rw-p 00010000 08:02 2357959                    /usr/lib/jvm/java-8-openjdk-amd64/jre/lib/amd64/libverify.so
7fe90692a000-7fe906931000 r-xp 00000000 08:02 1967428                    /lib/x86_64-linux-gnu/librt-2.23.so
7fe906931000-7fe906b30000 ---p 00007000 08:02 1967428                    /lib/x86_64-linux-gnu/librt-2.23.so
7fe906b30000-7fe906b31000 r--p 00006000 08:02 1967428                    /lib/x86_64-linux-gnu/librt-2.23.so
7fe906b31000-7fe906b32000 rw-p 00007000 08:02 1967428                    /lib/x86_64-linux-gnu/librt-2.23.so
7fe906b32000-7fe906b48000 r-xp 00000000 08:02 1967312                    /lib/x86_64-linux-gnu/libgcc_s.so.1
7fe906b48000-7fe906d47000 ---p 00016000 08:02 1967312                    /lib/x86_64-linux-gnu/libgcc_s.so.1
7fe906d47000-7fe906d48000 rw-p 00015000 08:02 1967312                    /lib/x86_64-linux-gnu/libgcc_s.so.1
7fe906d48000-7fe906e50000 r-xp 00000000 08:02 1967344                    /lib/x86_64-linux-gnu/libm-2.23.so
7fe906e50000-7fe90704f000 ---p 00108000 08:02 1967344                    /lib/x86_64-linux-gnu/libm-2.23.so
7fe90704f000-7fe907050000 r--p 00107000 08:02 1967344                    /lib/x86_64-linux-gnu/libm-2.23.so
7fe907050000-7fe907051000 rw-p 00108000 08:02 1967344                    /lib/x86_64-linux-gnu/libm-2.23.so
7fe907051000-7fe9071c3000 r-xp 00000000 08:02 2231822                    /usr/lib/x86_64-linux-gnu/libstdc++.so.6.0.21
7fe9071c3000-7fe9073c3000 ---p 00172000 08:02 2231822                    /usr/lib/x86_64-linux-gnu/libstdc++.so.6.0.21
7fe9073c3000-7fe9073cd000 r--p 00172000 08:02 2231822                    /usr/lib/x86_64-linux-gnu/libstdc++.so.6.0.21
7fe9073cd000-7fe9073cf000 rw-p 0017c000 08:02 2231822                    /usr/lib/x86_64-linux-gnu/libstdc++.so.6.0.21
7fe9073cf000-7fe9073d3000 rw-p 00000000 00:00 0 
7fe9073d3000-7fe908019000 r-xp 00000000 08:02 2357971                    /usr/lib/jvm/java-8-openjdk-amd64/jre/lib/amd64/server/libjvm.so
7fe908019000-7fe908219000 ---p 00c46000 08:02 2357971                    /usr/lib/jvm/java-8-openjdk-amd64/jre/lib/amd64/server/libjvm.so
7fe908219000-7fe9082ac000 r--p 00c46000 08:02 2357971                    /usr/lib/jvm/java-8-openjdk-amd64/jre/lib/amd64/server/libjvm.so
7fe9082ac000-7fe9082d4000 rw-p 00cd9000 08:02 2357971                    /usr/lib/jvm/java-8-openjdk-amd64/jre/lib/amd64/server/libjvm.so
7fe9082d4000-7fe908304000 rw-p 00000000 00:00 0 
7fe908304000-7fe90831c000 r-xp 00000000 08:02 1967420                    /lib/x86_64-linux-gnu/libpthread-2.23.so
7fe90831c000-7fe90851b000 ---p 00018000 08:02 1967420                    /lib/x86_64-linux-gnu/libpthread-2.23.so
7fe90851b000-7fe90851c000 r--p 00017000 08:02 1967420                    /lib/x86_64-linux-gnu/libpthread-2.23.so
7fe90851c000-7fe90851d000 rw-p 00018000 08:02 1967420                    /lib/x86_64-linux-gnu/libpthread-2.23.so
7fe90851d000-7fe908521000 rw-p 00000000 00:00 0 
7fe908521000-7fe908524000 r-xp 00000000 08:02 1967298                    /lib/x86_64-linux-gnu/libdl-2.23.so
7fe908524000-7fe908723000 ---p 00003000 08:02 1967298                    /lib/x86_64-linux-gnu/libdl-2.23.so
7fe908723000-7fe908724000 r--p 00002000 08:02 1967298                    /lib/x86_64-linux-gnu/libdl-2.23.so
7fe908724000-7fe908725000 rw-p 00003000 08:02 1967298                    /lib/x86_64-linux-gnu/libdl-2.23.so
7fe908725000-7fe90873e000 r-xp 00000000 08:02 1967464                    /lib/x86_64-linux-gnu/libz.so.1.2.8
7fe90873e000-7fe90893d000 ---p 00019000 08:02 1967464                    /lib/x86_64-linux-gnu/libz.so.1.2.8
7fe90893d000-7fe90893e000 r--p 00018000 08:02 1967464                    /lib/x86_64-linux-gnu/libz.so.1.2.8
7fe90893e000-7fe90893f000 rw-p 00019000 08:02 1967464                    /lib/x86_64-linux-gnu/libz.so.1.2.8
7fe90893f000-7fe908aff000 r-xp 00000000 08:02 1967274                    /lib/x86_64-linux-gnu/libc-2.23.so
7fe908aff000-7fe908cfe000 ---p 001c0000 08:02 1967274                    /lib/x86_64-linux-gnu/libc-2.23.so
7fe908cfe000-7fe908d02000 r--p 001bf000 08:02 1967274                    /lib/x86_64-linux-gnu/libc-2.23.so
7fe908d02000-7fe908d04000 rw-p 001c3000 08:02 1967274                    /lib/x86_64-linux-gnu/libc-2.23.so
7fe908d04000-7fe908d08000 rw-p 00000000 00:00 0 
7fe908d08000-7fe908d15000 r-xp 00000000 08:02 2357987                    /usr/lib/jvm/java-8-openjdk-amd64/jre/lib/amd64/jli/libjli.so
7fe908d15000-7fe908f15000 ---p 0000d000 08:02 2357987                    /usr/lib/jvm/java-8-openjdk-amd64/jre/lib/amd64/jli/libjli.so
7fe908f15000-7fe908f16000 r--p 0000d000 08:02 2357987                    /usr/lib/jvm/java-8-openjdk-amd64/jre/lib/amd64/jli/libjli.so
7fe908f16000-7fe908f17000 rw-p 0000e000 08:02 2357987                    /usr/lib/jvm/java-8-openjdk-amd64/jre/lib/amd64/jli/libjli.so
7fe908f17000-7fe908f3d000 r-xp 00000000 08:02 1967246                    /lib/x86_64-linux-gnu/ld-2.23.so
7fe908f3d000-7fe908f41000 r--s 0002a000 08:13 40505472                   /usr2/slow/home/enerccio/.m2/repository/commons-io/commons-io/2.4/commons-io-2.4.jar
7fe908f41000-7fe909012000 rw-p 00000000 00:00 0 
7fe909012000-7fe909015000 ---p 00000000 00:00 0 
7fe909015000-7fe909118000 rw-p 00000000 00:00 0 
7fe90911a000-7fe90911b000 r--s 00010000 08:02 2358022                    /usr/lib/jvm/java-8-openjdk-amd64/jre/lib/ext/zipfs.jar
7fe90911b000-7fe90911e000 r--s 0000f000 08:02 2358024                    /usr/lib/jvm/java-8-openjdk-amd64/jre/lib/ext/icedtea-sound.jar
7fe90911e000-7fe909128000 r--s 00116000 08:02 2358025                    /usr/lib/jvm/java-8-openjdk-amd64/jre/lib/ext/localedata.jar
7fe909128000-7fe90912c000 r--s 00037000 08:02 2358026                    /usr/lib/jvm/java-8-openjdk-amd64/jre/lib/ext/sunpkcs11.jar
7fe90912c000-7fe90912d000 r--s 00008000 08:02 2358020                    /usr/lib/jvm/java-8-openjdk-amd64/jre/lib/ext/sunec.jar
7fe90912d000-7fe90912f000 r--s 00001000 08:02 2358018                    /usr/lib/jvm/java-8-openjdk-amd64/jre/lib/ext/dnsns.jar
7fe90912f000-7fe909130000 r--s 0000a000 08:02 2358021                    /usr/lib/jvm/java-8-openjdk-amd64/jre/lib/ext/jaccess.jar
7fe909130000-7fe909138000 rw-s 00000000 08:02 1835312                    /tmp/hsperfdata_enerccio/2403
7fe909138000-7fe909139000 rw-p 00000000 00:00 0 
7fe909139000-7fe90913a000 ---p 00000000 00:00 0 
7fe90913a000-7fe90913c000 rw-p 00000000 00:00 0 
7fe90913c000-7fe90913d000 r--p 00025000 08:02 1967246                    /lib/x86_64-linux-gnu/ld-2.23.so
7fe90913d000-7fe90913e000 rw-p 00026000 08:02 1967246                    /lib/x86_64-linux-gnu/ld-2.23.so
7fe90913e000-7fe90913f000 rw-p 00000000 00:00 0 
7fff43f10000-7fff43f31000 rw-p 00000000 00:00 0                          [stack]
7fff43f5a000-7fff43f5c000 r--p 00000000 00:00 0                          [vvar]
7fff43f5c000-7fff43f5e000 r-xp 00000000 00:00 0                          [vdso]
ffffffffff600000-ffffffffff601000 r-xp 00000000 00:00 0                  [vsyscall]

VM Arguments:
jvm_args: -agentlib:jdwp=transport=dt_socket,suspend=y,address=localhost:33690 -Dfile.encoding=UTF-8 
java_command: RunTest
java_class_path (initial): /usr2/slow/home/enerccio/git/pdlang-compiler/target/classes:/usr2/slow/home/enerccio/git/pdlang-parser/target/classes:/home/enerccio/.m2/repository/org/antlr/antlr4-runtime/4.5.3/antlr4-runtime-4.5.3.jar:/usr2/slow/home/enerccio/git/pdlang-tools/target/classes:/home/enerccio/.m2/repository/commons-io/commons-io/2.4/commons-io-2.4.jar:/home/enerccio/.m2/repository/org/apache/commons/commons-lang3/3.0/commons-lang3-3.0.jar:/home/enerccio/.m2/repository/org/ow2/asm/asm-all/5.1/asm-all-5.1.jar
Launcher Type: SUN_STANDARD

Environment Variables:
JAVA_HOME=/usr/lib/jvm/java-8-oracle
PATH=/opt/sts-bundle/sts-3.8.2.RELEASE/STS:/home/enerccio/bin:/home/enerccio/.local/bin:/opt/android-studio/bin:/usr/local/sbin:/usr/local/bin:/usr/sbin:/usr/bin:/sbin:/bin:/usr/games:/usr/local/games:/usr/lib/jvm/java-8-oracle/bin:/usr/lib/jvm/java-8-oracle/db/bin:/usr/lib/jvm/java-8-oracle/jre/bin
SHELL=/bin/bash
DISPLAY=:0

Signal Handlers:
SIGSEGV: [libjvm.so+0xa5e970], sa_mask[0]=11111111011111111101111111111110, sa_flags=SA_RESTART|SA_SIGINFO
SIGBUS: [libjvm.so+0xa5e970], sa_mask[0]=11111111011111111101111111111110, sa_flags=SA_RESTART|SA_SIGINFO
SIGFPE: [libjvm.so+0x8a9ff0], sa_mask[0]=11111111011111111101111111111110, sa_flags=SA_RESTART|SA_SIGINFO
SIGPIPE: [libjvm.so+0x8a9ff0], sa_mask[0]=11111111011111111101111111111110, sa_flags=SA_RESTART|SA_SIGINFO
SIGXFSZ: [libjvm.so+0x8a9ff0], sa_mask[0]=11111111011111111101111111111110, sa_flags=SA_RESTART|SA_SIGINFO
SIGILL: [libjvm.so+0x8a9ff0], sa_mask[0]=11111111011111111101111111111110, sa_flags=SA_RESTART|SA_SIGINFO
SIGUSR1: SIG_DFL, sa_mask[0]=00000000000000000000000000000000, sa_flags=none
SIGUSR2: [libjvm.so+0x8a9ea0], sa_mask[0]=00100000000000000000000000000000, sa_flags=SA_RESTART|SA_SIGINFO
SIGHUP: [libjvm.so+0x8aa370], sa_mask[0]=11111111011111111101111111111110, sa_flags=SA_RESTART|SA_SIGINFO
SIGINT: [libjvm.so+0x8aa370], sa_mask[0]=11111111011111111101111111111110, sa_flags=SA_RESTART|SA_SIGINFO
SIGTERM: [libjvm.so+0x8aa370], sa_mask[0]=11111111011111111101111111111110, sa_flags=SA_RESTART|SA_SIGINFO
SIGQUIT: [libjvm.so+0x8aa370], sa_mask[0]=11111111011111111101111111111110, sa_flags=SA_RESTART|SA_SIGINFO


---------------  S Y S T E M  ---------------

OS:DISTRIB_ID="elementary"
DISTRIB_RELEASE=0.4
DISTRIB_CODENAME=loki
DISTRIB_DESCRIPTION="elementary OS 0.4 Loki"

uname:Linux 4.4.0-38-generic #57-Ubuntu SMP Tue Sep 6 15:42:33 UTC 2016 x86_64
libc:glibc 2.23 NPTL 2.23 
rlimit: STACK 8192k, CORE 0k, NPROC 62492, NOFILE 65536, AS infinity
load average:0,83 0,55 0,50

/proc/meminfo:
MemTotal:       16245384 kB
MemFree:         3092296 kB
MemAvailable:   11452676 kB
Buffers:          776532 kB
Cached:          7384320 kB
SwapCached:         5436 kB
Active:          7477140 kB
Inactive:        4794688 kB
Active(anon):    3335624 kB
Inactive(anon):   863368 kB
Active(file):    4141516 kB
Inactive(file):  3931320 kB
Unevictable:          48 kB
Mlocked:              48 kB
SwapTotal:       1897468 kB
SwapFree:        1869812 kB
Dirty:             12840 kB
Writeback:             0 kB
AnonPages:       4106076 kB
Mapped:           340912 kB
Shmem:             88016 kB
Slab:             676712 kB
SReclaimable:     625756 kB
SUnreclaim:        50956 kB
KernelStack:       11088 kB
PageTables:        40876 kB
NFS_Unstable:          0 kB
Bounce:                0 kB
WritebackTmp:          0 kB
CommitLimit:    10020160 kB
Committed_AS:    8231072 kB
VmallocTotal:   34359738367 kB
VmallocUsed:           0 kB
VmallocChunk:          0 kB
HardwareCorrupted:     0 kB
AnonHugePages:   2320384 kB
CmaTotal:              0 kB
CmaFree:               0 kB
HugePages_Total:       0
HugePages_Free:        0
HugePages_Rsvd:        0
HugePages_Surp:        0
Hugepagesize:       2048 kB
DirectMap4k:      421432 kB
DirectMap2M:    16166912 kB
DirectMap1G:           0 kB


CPU:total 8 (4 cores per cpu, 2 threads per core) family 6 model 60 stepping 3, cmov, cx8, fxsr, mmx, sse, sse2, sse3, ssse3, sse4.1, sse4.2, popcnt, avx, avx2, aes, clmul, erms, lzcnt, ht, tsc, tscinvbit, bmi1, bmi2

/proc/cpuinfo:
processor	: 0
vendor_id	: GenuineIntel
cpu family	: 6
model		: 60
model name	: Intel(R) Core(TM) i7-4770 CPU @ 3.40GHz
stepping	: 3
microcode	: 0x1e
cpu MHz		: 2408.953
cache size	: 8192 KB
physical id	: 0
siblings	: 8
core id		: 0
cpu cores	: 4
apicid		: 0
initial apicid	: 0
fpu		: yes
fpu_exception	: yes
cpuid level	: 13
wp		: yes
flags		: fpu vme de pse tsc msr pae mce cx8 apic sep mtrr pge mca cmov pat pse36 clflush dts acpi mmx fxsr sse sse2 ss ht tm pbe syscall nx pdpe1gb rdtscp lm constant_tsc arch_perfmon pebs bts rep_good nopl xtopology nonstop_tsc aperfmperf eagerfpu pni pclmulqdq dtes64 monitor ds_cpl vmx smx est tm2 ssse3 sdbg fma cx16 xtpr pdcm pcid sse4_1 sse4_2 x2apic movbe popcnt tsc_deadline_timer aes xsave avx f16c rdrand lahf_lm abm tpr_shadow vnmi flexpriority ept vpid fsgsbase tsc_adjust bmi1 avx2 smep bmi2 erms invpcid xsaveopt dtherm ida arat pln pts
bugs		:
bogomips	: 6784.85
clflush size	: 64
cache_alignment	: 64
address sizes	: 39 bits physical, 48 bits virtual
power management:

processor	: 1
vendor_id	: GenuineIntel
cpu family	: 6
model		: 60
model name	: Intel(R) Core(TM) i7-4770 CPU @ 3.40GHz
stepping	: 3
microcode	: 0x1e
cpu MHz		: 3523.250
cache size	: 8192 KB
physical id	: 0
siblings	: 8
core id		: 1
cpu cores	: 4
apicid		: 2
initial apicid	: 2
fpu		: yes
fpu_exception	: yes
cpuid level	: 13
wp		: yes
flags		: fpu vme de pse tsc msr pae mce cx8 apic sep mtrr pge mca cmov pat pse36 clflush dts acpi mmx fxsr sse sse2 ss ht tm pbe syscall nx pdpe1gb rdtscp lm constant_tsc arch_perfmon pebs bts rep_good nopl xtopology nonstop_tsc aperfmperf eagerfpu pni pclmulqdq dtes64 monitor ds_cpl vmx smx est tm2 ssse3 sdbg fma cx16 xtpr pdcm pcid sse4_1 sse4_2 x2apic movbe popcnt tsc_deadline_timer aes xsave avx f16c rdrand lahf_lm abm tpr_shadow vnmi flexpriority ept vpid fsgsbase tsc_adjust bmi1 avx2 smep bmi2 erms invpcid xsaveopt dtherm ida arat pln pts
bugs		:
bogomips	: 6784.85
clflush size	: 64
cache_alignment	: 64
address sizes	: 39 bits physical, 48 bits virtual
power management:

processor	: 2
vendor_id	: GenuineIntel
cpu family	: 6
model		: 60
model name	: Intel(R) Core(TM) i7-4770 CPU @ 3.40GHz
stepping	: 3
microcode	: 0x1e
cpu MHz		: 2399.921
cache size	: 8192 KB
physical id	: 0
siblings	: 8
core id		: 2
cpu cores	: 4
apicid		: 4
initial apicid	: 4
fpu		: yes
fpu_exception	: yes
cpuid level	: 13
wp		: yes
flags		: fpu vme de pse tsc msr pae mce cx8 apic sep mtrr pge mca cmov pat pse36 clflush dts acpi mmx fxsr sse sse2 ss ht tm pbe syscall nx pdpe1gb rdtscp lm constant_tsc arch_perfmon pebs bts rep_good nopl xtopology nonstop_tsc aperfmperf eagerfpu pni pclmulqdq dtes64 monitor ds_cpl vmx smx est tm2 ssse3 sdbg fma cx16 xtpr pdcm pcid sse4_1 sse4_2 x2apic movbe popcnt tsc_deadline_timer aes xsave avx f16c rdrand lahf_lm abm tpr_shadow vnmi flexpriority ept vpid fsgsbase tsc_adjust bmi1 avx2 smep bmi2 erms invpcid xsaveopt dtherm ida arat pln pts
bugs		:
bogomips	: 6784.85
clflush size	: 64
cache_alignment	: 64
address sizes	: 39 bits physical, 48 bits virtual
power management:

processor	: 3
vendor_id	: GenuineIntel
cpu family	: 6
model		: 60
model name	: Intel(R) Core(TM) i7-4770 CPU @ 3.40GHz
stepping	: 3
microcode	: 0x1e
cpu MHz		: 2415.328
cache size	: 8192 KB
physical id	: 0
siblings	: 8
core id		: 3
cpu cores	: 4
apicid		: 6
initial apicid	: 6
fpu		: yes
fpu_exception	: yes
cpuid level	: 13
wp		: yes
flags		: fpu vme de pse tsc msr pae mce cx8 apic sep mtrr pge mca cmov pat pse36 clflush dts acpi mmx fxsr sse sse2 ss ht tm pbe syscall nx pdpe1gb rdtscp lm constant_tsc arch_perfmon pebs bts rep_good nopl xtopology nonstop_tsc aperfmperf eagerfpu pni pclmulqdq dtes64 monitor ds_cpl vmx smx est tm2 ssse3 sdbg fma cx16 xtpr pdcm pcid sse4_1 sse4_2 x2apic movbe popcnt tsc_deadline_timer aes xsave avx f16c rdrand lahf_lm abm tpr_shadow vnmi flexpriority ept vpid fsgsbase tsc_adjust bmi1 avx2 smep bmi2 erms invpcid xsaveopt dtherm ida arat pln pts
bugs		:
bogomips	: 6784.85
clflush size	: 64
cache_alignment	: 64
address sizes	: 39 bits physical, 48 bits virtual
power management:

processor	: 4
vendor_id	: GenuineIntel
cpu family	: 6
model		: 60
model name	: Intel(R) Core(TM) i7-4770 CPU @ 3.40GHz
stepping	: 3
microcode	: 0x1e
cpu MHz		: 3795.515
cache size	: 8192 KB
physical id	: 0
siblings	: 8
core id		: 0
cpu cores	: 4
apicid		: 1
initial apicid	: 1
fpu		: yes
fpu_exception	: yes
cpuid level	: 13
wp		: yes
flags		: fpu vme de pse tsc msr pae mce cx8 apic sep mtrr pge mca cmov pat pse36 clflush dts acpi mmx fxsr sse sse2 ss ht tm pbe syscall nx pdpe1gb rdtscp lm constant_tsc arch_perfmon pebs bts rep_good nopl xtopology nonstop_tsc aperfmperf eagerfpu pni pclmulqdq dtes64 monitor ds_cpl vmx smx est tm2 ssse3 sdbg fma cx16 xtpr pdcm pcid sse4_1 sse4_2 x2apic movbe popcnt tsc_deadline_timer aes xsave avx f16c rdrand lahf_lm abm tpr_shadow vnmi flexpriority ept vpid fsgsbase tsc_adjust bmi1 avx2 smep bmi2 erms invpcid xsaveopt dtherm ida arat pln pts
bugs		:
bogomips	: 6784.85
clflush size	: 64
cache_alignment	: 64
address sizes	: 39 bits physical, 48 bits virtual
power management:

processor	: 5
vendor_id	: GenuineIntel
cpu family	: 6
model		: 60
model name	: Intel(R) Core(TM) i7-4770 CPU @ 3.40GHz
stepping	: 3
microcode	: 0x1e
cpu MHz		: 3321.640
cache size	: 8192 KB
physical id	: 0
siblings	: 8
core id		: 1
cpu cores	: 4
apicid		: 3
initial apicid	: 3
fpu		: yes
fpu_exception	: yes
cpuid level	: 13
wp		: yes
flags		: fpu vme de pse tsc msr pae mce cx8 apic sep mtrr pge mca cmov pat pse36 clflush dts acpi mmx fxsr sse sse2 ss ht tm pbe syscall nx pdpe1gb rdtscp lm constant_tsc arch_perfmon pebs bts rep_good nopl xtopology nonstop_tsc aperfmperf eagerfpu pni pclmulqdq dtes64 monitor ds_cpl vmx smx est tm2 ssse3 sdbg fma cx16 xtpr pdcm pcid sse4_1 sse4_2 x2apic movbe popcnt tsc_deadline_timer aes xsave avx f16c rdrand lahf_lm abm tpr_shadow vnmi flexpriority ept vpid fsgsbase tsc_adjust bmi1 avx2 smep bmi2 erms invpcid xsaveopt dtherm ida arat pln pts
bugs		:
bogomips	: 6784.85
clflush size	: 64
cache_alignment	: 64
address sizes	: 39 bits physical, 48 bits virtual
power management:

processor	: 6
vendor_id	: GenuineIntel
cpu family	: 6
model		: 60
model name	: Intel(R) Core(TM) i7-4770 CPU @ 3.40GHz
stepping	: 3
microcode	: 0x1e
cpu MHz		: 3758.593
cache size	: 8192 KB
physical id	: 0
siblings	: 8
core id		: 2
cpu cores	: 4
apicid		: 5
initial apicid	: 5
fpu		: yes
fpu_exception	: yes
cpuid level	: 13
wp		: yes
flags		: fpu vme de pse tsc msr pae mce cx8 apic sep mtrr pge mca cmov pat pse36 clflush dts acpi mmx fxsr sse sse2 ss ht tm pbe syscall nx pdpe1gb rdtscp lm constant_tsc arch_perfmon pebs bts rep_good nopl xtopology nonstop_tsc aperfmperf eagerfpu pni pclmulqdq dtes64 monitor ds_cpl vmx smx est tm2 ssse3 sdbg fma cx16 xtpr pdcm pcid sse4_1 sse4_2 x2apic movbe popcnt tsc_deadline_timer aes xsave avx f16c rdrand lahf_lm abm tpr_shadow vnmi flexpriority ept vpid fsgsbase tsc_adjust bmi1 avx2 smep bmi2 erms invpcid xsaveopt dtherm ida arat pln pts
bugs		:
bogomips	: 6784.85
clflush size	: 64
cache_alignment	: 64
address sizes	: 39 bits physical, 48 bits virtual
power management:

processor	: 7
vendor_id	: GenuineIntel
cpu family	: 6
model		: 60
model name	: Intel(R) Core(TM) i7-4770 CPU @ 3.40GHz
stepping	: 3
microcode	: 0x1e
cpu MHz		: 3864.312
cache size	: 8192 KB
physical id	: 0
siblings	: 8
core id		: 3
cpu cores	: 4
apicid		: 7
initial apicid	: 7
fpu		: yes
fpu_exception	: yes
cpuid level	: 13
wp		: yes
flags		: fpu vme de pse tsc msr pae mce cx8 apic sep mtrr pge mca cmov pat pse36 clflush dts acpi mmx fxsr sse sse2 ss ht tm pbe syscall nx pdpe1gb rdtscp lm constant_tsc arch_perfmon pebs bts rep_good nopl xtopology nonstop_tsc aperfmperf eagerfpu pni pclmulqdq dtes64 monitor ds_cpl vmx smx est tm2 ssse3 sdbg fma cx16 xtpr pdcm pcid sse4_1 sse4_2 x2apic movbe popcnt tsc_deadline_timer aes xsave avx f16c rdrand lahf_lm abm tpr_shadow vnmi flexpriority ept vpid fsgsbase tsc_adjust bmi1 avx2 smep bmi2 erms invpcid xsaveopt dtherm ida arat pln pts
bugs		:
bogomips	: 6784.85
clflush size	: 64
cache_alignment	: 64
address sizes	: 39 bits physical, 48 bits virtual
power management:



Memory: 4k page, physical 16245384k(3092296k free), swap 1897468k(1869812k free)

vm_info: OpenJDK 64-Bit Server VM (25.91-b14) for linux-amd64 JRE (1.8.0_91-8u91-b14-3ubuntu1~16.04.1-b14), built on Jul 21 2016 04:13:34 by "buildd" with gcc 5.3.1 20160413

time: Tue Oct 25 22:55:44 2016
elapsed time: 54 seconds (0d 0h 0m 54s)

